生成启动时间为 2018/9/19 15:06:38。
     1>项目“C:\Users\zyb\Documents\work\output\4_libcef\2018-9-19编译\cef_binary_3.2623.1401.gb90a3be_windows32\vs2013build\libcef_dll\libcef_dll_wrapper.vcxproj”在节点 2 上(Build 个目标)。
     1>ClCompile:
         C:\Program Files (x86)\Microsoft Visual Studio 12.0\VC\bin\CL.exe /c /I"C:\Users\zyb\Documents\work\output\4_libcef\2018-9-19编译\cef_binary_3.2623.1401.gb90a3be_windows32" /Zi /nologo /W4 /WX /MP /O2 /Ob2 /Oy- /D NDEBUG /D _NDEBUG /D __STDC_CONSTANT_MACROS /D __STDC_FORMAT_MACROS /D WIN32 /D _WIN32 /D _WINDOWS /D UNICODE /D _UNICODE /D WINVER=0x0602 /D _WIN32_WINNT=0x602 /D NOMINMAX /D WIN32_LEAN_AND_MEAN /D _HAS_EXCEPTIONS=0 /D PSAPI_VERSION=1 /D CEF_USE_SANDBOX /D CEF_USE_ATL /D USING_CEF_SHARED /D "CMAKE_INTDIR=\"Release\"" /D _UNICODE /D UNICODE /GF /Gm- /MT /GS /Gy /fp:precise /Zc:wchar_t /Zc:forScope /GR- /Fo"libcef_dll_wrapper.dir\Release\\" /Fd"libcef_dll_wrapper.dir\Release\vc120.pdb" /Gd /TP /wd4100 /wd4127 /wd4244 /wd4481 /wd4512 /wd4701 /wd4702 /wd4996 /analyze- /errorReport:prompt "C:\Users\zyb\Documents\work\output\4_libcef\2018-9-19编译\cef_binary_3.2623.1401.gb90a3be_windows32\libcef_dll\transfer_util.cc" "C:\Users\zyb\Documents\work\output\4_libcef\2018-9-19编译\cef_binary_3.2623.1401.gb90a3be_windows32\libcef_dll\base\cef_atomicops_x86_gcc.cc" "C:\Users\zyb\Documents\work\output\4_libcef\2018-9-19编译\cef_binary_3.2623.1401.gb90a3be_windows32\libcef_dll\base\cef_bind_helpers.cc" "C:\Users\zyb\Documents\work\output\4_libcef\2018-9-19编译\cef_binary_3.2623.1401.gb90a3be_windows32\libcef_dll\base\cef_callback_helpers.cc" "C:\Users\zyb\Documents\work\output\4_libcef\2018-9-19编译\cef_binary_3.2623.1401.gb90a3be_windows32\libcef_dll\base\cef_callback_internal.cc" "C:\Users\zyb\Documents\work\output\4_libcef\2018-9-19编译\cef_binary_3.2623.1401.gb90a3be_windows32\libcef_dll\base\cef_lock.cc" "C:\Users\zyb\Documents\work\output\4_libcef\2018-9-19编译\cef_binary_3.2623.1401.gb90a3be_windows32\libcef_dll\base\cef_lock_impl.cc" "C:\Users\zyb\Documents\work\output\4_libcef\2018-9-19编译\cef_binary_3.2623.1401.gb90a3be_windows32\libcef_dll\base\cef_logging.cc" "C:\Users\zyb\Documents\work\output\4_libcef\2018-9-19编译\cef_binary_3.2623.1401.gb90a3be_windows32\libcef_dll\base\cef_ref_counted.cc" "C:\Users\zyb\Documents\work\output\4_libcef\2018-9-19编译\cef_binary_3.2623.1401.gb90a3be_windows32\libcef_dll\base\cef_string16.cc" "C:\Users\zyb\Documents\work\output\4_libcef\2018-9-19编译\cef_binary_3.2623.1401.gb90a3be_windows32\libcef_dll\base\cef_thread_checker_impl.cc" "C:\Users\zyb\Documents\work\output\4_libcef\2018-9-19编译\cef_binary_3.2623.1401.gb90a3be_windows32\libcef_dll\base\cef_thread_collision_warner.cc" "C:\Users\zyb\Documents\work\output\4_libcef\2018-9-19编译\cef_binary_3.2623.1401.gb90a3be_windows32\libcef_dll\base\cef_weak_ptr.cc" "C:\Users\zyb\Documents\work\output\4_libcef\2018-9-19编译\cef_binary_3.2623.1401.gb90a3be_windows32\libcef_dll\cpptoc\app_cpptoc.cc" "C:\Users\zyb\Documents\work\output\4_libcef\2018-9-19编译\cef_binary_3.2623.1401.gb90a3be_windows32\libcef_dll\cpptoc\base_cpptoc.cc" "C:\Users\zyb\Documents\work\output\4_libcef\2018-9-19编译\cef_binary_3.2623.1401.gb90a3be_windows32\libcef_dll\cpptoc\browser_process_handler_cpptoc.cc" "C:\Users\zyb\Documents\work\output\4_libcef\2018-9-19编译\cef_binary_3.2623.1401.gb90a3be_windows32\libcef_dll\cpptoc\client_cpptoc.cc" "C:\Users\zyb\Documents\work\output\4_libcef\2018-9-19编译\cef_binary_3.2623.1401.gb90a3be_windows32\libcef_dll\cpptoc\completion_callback_cpptoc.cc" "C:\Users\zyb\Documents\work\output\4_libcef\2018-9-19编译\cef_binary_3.2623.1401.gb90a3be_windows32\libcef_dll\cpptoc\context_menu_handler_cpptoc.cc" "C:\Users\zyb\Documents\work\output\4_libcef\2018-9-19编译\cef_binary_3.2623.1401.gb90a3be_windows32\libcef_dll\cpptoc\cookie_visitor_cpptoc.cc" "C:\Users\zyb\Documents\work\output\4_libcef\2018-9-19编译\cef_binary_3.2623.1401.gb90a3be_windows32\libcef_dll\cpptoc\delete_cookies_callback_cpptoc.cc" "C:\Users\zyb\Documents\work\output\4_libcef\2018-9-19编译\cef_binary_3.2623.1401.gb90a3be_windows32\libcef_dll\cpptoc\dialog_handler_cpptoc.cc" "C:\Users\zyb\Documents\work\output\4_libcef\2018-9-19编译\cef_binary_3.2623.1401.gb90a3be_windows32\libcef_dll\cpptoc\display_handler_cpptoc.cc" "C:\Users\zyb\Documents\work\output\4_libcef\2018-9-19编译\cef_binary_3.2623.1401.gb90a3be_windows32\libcef_dll\cpptoc\domvisitor_cpptoc.cc" "C:\Users\zyb\Documents\work\output\4_libcef\2018-9-19编译\cef_binary_3.2623.1401.gb90a3be_windows32\libcef_dll\cpptoc\download_handler_cpptoc.cc" "C:\Users\zyb\Documents\work\output\4_libcef\2018-9-19编译\cef_binary_3.2623.1401.gb90a3be_windows32\libcef_dll\cpptoc\drag_handler_cpptoc.cc" "C:\Users\zyb\Documents\work\output\4_libcef\2018-9-19编译\cef_binary_3.2623.1401.gb90a3be_windows32\libcef_dll\cpptoc\end_tracing_callback_cpptoc.cc" "C:\Users\zyb\Documents\work\output\4_libcef\2018-9-19编译\cef_binary_3.2623.1401.gb90a3be_windows32\libcef_dll\cpptoc\find_handler_cpptoc.cc" "C:\Users\zyb\Documents\work\output\4_libcef\2018-9-19编译\cef_binary_3.2623.1401.gb90a3be_windows32\libcef_dll\cpptoc\focus_handler_cpptoc.cc" "C:\Users\zyb\Documents\work\output\4_libcef\2018-9-19编译\cef_binary_3.2623.1401.gb90a3be_windows32\libcef_dll\cpptoc\geolocation_handler_cpptoc.cc" "C:\Users\zyb\Documents\work\output\4_libcef\2018-9-19编译\cef_binary_3.2623.1401.gb90a3be_windows32\libcef_dll\cpptoc\get_geolocation_callback_cpptoc.cc" "C:\Users\zyb\Documents\work\output\4_libcef\2018-9-19编译\cef_binary_3.2623.1401.gb90a3be_windows32\libcef_dll\cpptoc\jsdialog_handler_cpptoc.cc" "C:\Users\zyb\Documents\work\output\4_libcef\2018-9-19编译\cef_binary_3.2623.1401.gb90a3be_windows32\libcef_dll\cpptoc\keyboard_handler_cpptoc.cc" "C:\Users\zyb\Documents\work\output\4_libcef\2018-9-19编译\cef_binary_3.2623.1401.gb90a3be_windows32\libcef_dll\cpptoc\life_span_handler_cpptoc.cc" "C:\Users\zyb\Documents\work\output\4_libcef\2018-9-19编译\cef_binary_3.2623.1401.gb90a3be_windows32\libcef_dll\cpptoc\load_handler_cpptoc.cc" "C:\Users\zyb\Documents\work\output\4_libcef\2018-9-19编译\cef_binary_3.2623.1401.gb90a3be_windows32\libcef_dll\cpptoc\navigation_entry_visitor_cpptoc.cc" "C:\Users\zyb\Documents\work\output\4_libcef\2018-9-19编译\cef_binary_3.2623.1401.gb90a3be_windows32\libcef_dll\cpptoc\pdf_print_callback_cpptoc.cc" "C:\Users\zyb\Documents\work\output\4_libcef\2018-9-19编译\cef_binary_3.2623.1401.gb90a3be_windows32\libcef_dll\cpptoc\print_handler_cpptoc.cc" "C:\Users\zyb\Documents\work\output\4_libcef\2018-9-19编译\cef_binary_3.2623.1401.gb90a3be_windows32\libcef_dll\cpptoc\read_handler_cpptoc.cc" "C:\Users\zyb\Documents\work\output\4_libcef\2018-9-19编译\cef_binary_3.2623.1401.gb90a3be_windows32\libcef_dll\cpptoc\render_handler_cpptoc.cc" "C:\Users\zyb\Documents\work\output\4_libcef\2018-9-19编译\cef_binary_3.2623.1401.gb90a3be_windows32\libcef_dll\cpptoc\render_process_handler_cpptoc.cc" "C:\Users\zyb\Documents\work\output\4_libcef\2018-9-19编译\cef_binary_3.2623.1401.gb90a3be_windows32\libcef_dll\cpptoc\request_context_handler_cpptoc.cc" "C:\Users\zyb\Documents\work\output\4_libcef\2018-9-19编译\cef_binary_3.2623.1401.gb90a3be_windows32\libcef_dll\cpptoc\request_handler_cpptoc.cc" "C:\Users\zyb\Documents\work\output\4_libcef\2018-9-19编译\cef_binary_3.2623.1401.gb90a3be_windows32\libcef_dll\cpptoc\resolve_callback_cpptoc.cc" "C:\Users\zyb\Documents\work\output\4_libcef\2018-9-19编译\cef_binary_3.2623.1401.gb90a3be_windows32\libcef_dll\cpptoc\resource_bundle_handler_cpptoc.cc" "C:\Users\zyb\Documents\work\output\4_libcef\2018-9-19编译\cef_binary_3.2623.1401.gb90a3be_windows32\libcef_dll\cpptoc\resource_handler_cpptoc.cc" "C:\Users\zyb\Documents\work\output\4_libcef\2018-9-19编译\cef_binary_3.2623.1401.gb90a3be_windows32\libcef_dll\cpptoc\response_filter_cpptoc.cc" "C:\Users\zyb\Documents\work\output\4_libcef\2018-9-19编译\cef_binary_3.2623.1401.gb90a3be_windows32\libcef_dll\cpptoc\run_file_dialog_callback_cpptoc.cc" "C:\Users\zyb\Documents\work\output\4_libcef\2018-9-19编译\cef_binary_3.2623.1401.gb90a3be_windows32\libcef_dll\cpptoc\scheme_handler_factory_cpptoc.cc" "C:\Users\zyb\Documents\work\output\4_libcef\2018-9-19编译\cef_binary_3.2623.1401.gb90a3be_windows32\libcef_dll\cpptoc\set_cookie_callback_cpptoc.cc" "C:\Users\zyb\Documents\work\output\4_libcef\2018-9-19编译\cef_binary_3.2623.1401.gb90a3be_windows32\libcef_dll\cpptoc\string_visitor_cpptoc.cc" "C:\Users\zyb\Documents\work\output\4_libcef\2018-9-19编译\cef_binary_3.2623.1401.gb90a3be_windows32\libcef_dll\cpptoc\task_cpptoc.cc" "C:\Users\zyb\Documents\work\output\4_libcef\2018-9-19编译\cef_binary_3.2623.1401.gb90a3be_windows32\libcef_dll\cpptoc\urlrequest_client_cpptoc.cc" "C:\Users\zyb\Documents\work\output\4_libcef\2018-9-19编译\cef_binary_3.2623.1401.gb90a3be_windows32\libcef_dll\cpptoc\v8accessor_cpptoc.cc" "C:\Users\zyb\Documents\work\output\4_libcef\2018-9-19编译\cef_binary_3.2623.1401.gb90a3be_windows32\libcef_dll\cpptoc\v8handler_cpptoc.cc" "C:\Users\zyb\Documents\work\output\4_libcef\2018-9-19编译\cef_binary_3.2623.1401.gb90a3be_windows32\libcef_dll\cpptoc\web_plugin_info_visitor_cpptoc.cc" "C:\Users\zyb\Documents\work\output\4_libcef\2018-9-19编译\cef_binary_3.2623.1401.gb90a3be_windows32\libcef_dll\cpptoc\web_plugin_unstable_callback_cpptoc.cc" "C:\Users\zyb\Documents\work\output\4_libcef\2018-9-19编译\cef_binary_3.2623.1401.gb90a3be_windows32\libcef_dll\cpptoc\write_handler_cpptoc.cc" "C:\Users\zyb\Documents\work\output\4_libcef\2018-9-19编译\cef_binary_3.2623.1401.gb90a3be_windows32\libcef_dll\ctocpp\auth_callback_ctocpp.cc" "C:\Users\zyb\Documents\work\output\4_libcef\2018-9-19编译\cef_binary_3.2623.1401.gb90a3be_windows32\libcef_dll\ctocpp\before_download_callback_ctocpp.cc" "C:\Users\zyb\Documents\work\output\4_libcef\2018-9-19编译\cef_binary_3.2623.1401.gb90a3be_windows32\libcef_dll\ctocpp\binary_value_ctocpp.cc" "C:\Users\zyb\Documents\work\output\4_libcef\2018-9-19编译\cef_binary_3.2623.1401.gb90a3be_windows32\libcef_dll\ctocpp\browser_ctocpp.cc" "C:\Users\zyb\Documents\work\output\4_libcef\2018-9-19编译\cef_binary_3.2623.1401.gb90a3be_windows32\libcef_dll\ctocpp\browser_host_ctocpp.cc" "C:\Users\zyb\Documents\work\output\4_libcef\2018-9-19编译\cef_binary_3.2623.1401.gb90a3be_windows32\libcef_dll\ctocpp\callback_ctocpp.cc" "C:\Users\zyb\Documents\work\output\4_libcef\2018-9-19编译\cef_binary_3.2623.1401.gb90a3be_windows32\libcef_dll\ctocpp\command_line_ctocpp.cc" "C:\Users\zyb\Documents\work\output\4_libcef\2018-9-19编译\cef_binary_3.2623.1401.gb90a3be_windows32\libcef_dll\ctocpp\context_menu_params_ctocpp.cc" "C:\Users\zyb\Documents\work\output\4_libcef\2018-9-19编译\cef_binary_3.2623.1401.gb90a3be_windows32\libcef_dll\ctocpp\cookie_manager_ctocpp.cc" "C:\Users\zyb\Documents\work\output\4_libcef\2018-9-19编译\cef_binary_3.2623.1401.gb90a3be_windows32\libcef_dll\ctocpp\dictionary_value_ctocpp.cc" "C:\Users\zyb\Documents\work\output\4_libcef\2018-9-19编译\cef_binary_3.2623.1401.gb90a3be_windows32\libcef_dll\ctocpp\domdocument_ctocpp.cc" "C:\Users\zyb\Documents\work\output\4_libcef\2018-9-19编译\cef_binary_3.2623.1401.gb90a3be_windows32\libcef_dll\ctocpp\domnode_ctocpp.cc" "C:\Users\zyb\Documents\work\output\4_libcef\2018-9-19编译\cef_binary_3.2623.1401.gb90a3be_windows32\libcef_dll\ctocpp\download_item_callback_ctocpp.cc" "C:\Users\zyb\Documents\work\output\4_libcef\2018-9-19编译\cef_binary_3.2623.1401.gb90a3be_windows32\libcef_dll\ctocpp\download_item_ctocpp.cc" "C:\Users\zyb\Documents\work\output\4_libcef\2018-9-19编译\cef_binary_3.2623.1401.gb90a3be_windows32\libcef_dll\ctocpp\drag_data_ctocpp.cc" "C:\Users\zyb\Documents\work\output\4_libcef\2018-9-19编译\cef_binary_3.2623.1401.gb90a3be_windows32\libcef_dll\ctocpp\file_dialog_callback_ctocpp.cc" "C:\Users\zyb\Documents\work\output\4_libcef\2018-9-19编译\cef_binary_3.2623.1401.gb90a3be_windows32\libcef_dll\ctocpp\frame_ctocpp.cc" "C:\Users\zyb\Documents\work\output\4_libcef\2018-9-19编译\cef_binary_3.2623.1401.gb90a3be_windows32\libcef_dll\ctocpp\geolocation_callback_ctocpp.cc" "C:\Users\zyb\Documents\work\output\4_libcef\2018-9-19编译\cef_binary_3.2623.1401.gb90a3be_windows32\libcef_dll\ctocpp\jsdialog_callback_ctocpp.cc" "C:\Users\zyb\Documents\work\output\4_libcef\2018-9-19编译\cef_binary_3.2623.1401.gb90a3be_windows32\libcef_dll\ctocpp\list_value_ctocpp.cc" "C:\Users\zyb\Documents\work\output\4_libcef\2018-9-19编译\cef_binary_3.2623.1401.gb90a3be_windows32\libcef_dll\ctocpp\menu_model_ctocpp.cc" "C:\Users\zyb\Documents\work\output\4_libcef\2018-9-19编译\cef_binary_3.2623.1401.gb90a3be_windows32\libcef_dll\ctocpp\navigation_entry_ctocpp.cc" "C:\Users\zyb\Documents\work\output\4_libcef\2018-9-19编译\cef_binary_3.2623.1401.gb90a3be_windows32\libcef_dll\ctocpp\post_data_ctocpp.cc" "C:\Users\zyb\Documents\work\output\4_libcef\2018-9-19编译\cef_binary_3.2623.1401.gb90a3be_windows32\libcef_dll\ctocpp\post_data_element_ctocpp.cc" "C:\Users\zyb\Documents\work\output\4_libcef\2018-9-19编译\cef_binary_3.2623.1401.gb90a3be_windows32\libcef_dll\ctocpp\print_dialog_callback_ctocpp.cc" "C:\Users\zyb\Documents\work\output\4_libcef\2018-9-19编译\cef_binary_3.2623.1401.gb90a3be_windows32\libcef_dll\ctocpp\print_job_callback_ctocpp.cc" "C:\Users\zyb\Documents\work\output\4_libcef\2018-9-19编译\cef_binary_3.2623.1401.gb90a3be_windows32\libcef_dll\ctocpp\print_settings_ctocpp.cc" "C:\Users\zyb\Documents\work\output\4_libcef\2018-9-19编译\cef_binary_3.2623.1401.gb90a3be_windows32\libcef_dll\ctocpp\process_message_ctocpp.cc" "C:\Users\zyb\Documents\work\output\4_libcef\2018-9-19编译\cef_binary_3.2623.1401.gb90a3be_windows32\libcef_dll\ctocpp\request_callback_ctocpp.cc" "C:\Users\zyb\Documents\work\output\4_libcef\2018-9-19编译\cef_binary_3.2623.1401.gb90a3be_windows32\libcef_dll\ctocpp\request_context_ctocpp.cc" "C:\Users\zyb\Documents\work\output\4_libcef\2018-9-19编译\cef_binary_3.2623.1401.gb90a3be_windows32\libcef_dll\ctocpp\request_ctocpp.cc" "C:\Users\zyb\Documents\work\output\4_libcef\2018-9-19编译\cef_binary_3.2623.1401.gb90a3be_windows32\libcef_dll\ctocpp\resource_bundle_ctocpp.cc" "C:\Users\zyb\Documents\work\output\4_libcef\2018-9-19编译\cef_binary_3.2623.1401.gb90a3be_windows32\libcef_dll\ctocpp\response_ctocpp.cc" "C:\Users\zyb\Documents\work\output\4_libcef\2018-9-19编译\cef_binary_3.2623.1401.gb90a3be_windows32\libcef_dll\ctocpp\run_context_menu_callback_ctocpp.cc" "C:\Users\zyb\Documents\work\output\4_libcef\2018-9-19编译\cef_binary_3.2623.1401.gb90a3be_windows32\libcef_dll\ctocpp\scheme_registrar_ctocpp.cc" "C:\Users\zyb\Documents\work\output\4_libcef\2018-9-19编译\cef_binary_3.2623.1401.gb90a3be_windows32\libcef_dll\ctocpp\sslcert_principal_ctocpp.cc" "C:\Users\zyb\Documents\work\output\4_libcef\2018-9-19编译\cef_binary_3.2623.1401.gb90a3be_windows32\libcef_dll\ctocpp\sslinfo_ctocpp.cc" "C:\Users\zyb\Documents\work\output\4_libcef\2018-9-19编译\cef_binary_3.2623.1401.gb90a3be_windows32\libcef_dll\ctocpp\stream_reader_ctocpp.cc" "C:\Users\zyb\Documents\work\output\4_libcef\2018-9-19编译\cef_binary_3.2623.1401.gb90a3be_windows32\libcef_dll\ctocpp\stream_writer_ctocpp.cc" "C:\Users\zyb\Documents\work\output\4_libcef\2018-9-19编译\cef_binary_3.2623.1401.gb90a3be_windows32\libcef_dll\ctocpp\task_runner_ctocpp.cc" "C:\Users\zyb\Documents\work\output\4_libcef\2018-9-19编译\cef_binary_3.2623.1401.gb90a3be_windows32\libcef_dll\ctocpp\urlrequest_ctocpp.cc" "C:\Users\zyb\Documents\work\output\4_libcef\2018-9-19编译\cef_binary_3.2623.1401.gb90a3be_windows32\libcef_dll\ctocpp\v8context_ctocpp.cc" "C:\Users\zyb\Documents\work\output\4_libcef\2018-9-19编译\cef_binary_3.2623.1401.gb90a3be_windows32\libcef_dll\ctocpp\v8exception_ctocpp.cc" "C:\Users\zyb\Documents\work\output\4_libcef\2018-9-19编译\cef_binary_3.2623.1401.gb90a3be_windows32\libcef_dll\ctocpp\v8stack_frame_ctocpp.cc" "C:\Users\zyb\Documents\work\output\4_libcef\2018-9-19编译\cef_binary_3.2623.1401.gb90a3be_windows32\libcef_dll\ctocpp\v8stack_trace_ctocpp.cc" "C:\Users\zyb\Documents\work\output\4_libcef\2018-9-19编译\cef_binary_3.2623.1401.gb90a3be_windows32\libcef_dll\ctocpp\v8value_ctocpp.cc" "C:\Users\zyb\Documents\work\output\4_libcef\2018-9-19编译\cef_binary_3.2623.1401.gb90a3be_windows32\libcef_dll\ctocpp\value_ctocpp.cc" "C:\Users\zyb\Documents\work\output\4_libcef\2018-9-19编译\cef_binary_3.2623.1401.gb90a3be_windows32\libcef_dll\ctocpp\web_plugin_info_ctocpp.cc" "C:\Users\zyb\Documents\work\output\4_libcef\2018-9-19编译\cef_binary_3.2623.1401.gb90a3be_windows32\libcef_dll\ctocpp\xml_reader_ctocpp.cc" "C:\Users\zyb\Documents\work\output\4_libcef\2018-9-19编译\cef_binary_3.2623.1401.gb90a3be_windows32\libcef_dll\ctocpp\zip_reader_ctocpp.cc" "C:\Users\zyb\Documents\work\output\4_libcef\2018-9-19编译\cef_binary_3.2623.1401.gb90a3be_windows32\libcef_dll\wrapper\cef_byte_read_handler.cc" "C:\Users\zyb\Documents\work\output\4_libcef\2018-9-19编译\cef_binary_3.2623.1401.gb90a3be_windows32\libcef_dll\wrapper\cef_closure_task.cc" "C:\Users\zyb\Documents\work\output\4_libcef\2018-9-19编译\cef_binary_3.2623.1401.gb90a3be_windows32\libcef_dll\wrapper\cef_message_router.cc" "C:\Users\zyb\Documents\work\output\4_libcef\2018-9-19编译\cef_binary_3.2623.1401.gb90a3be_windows32\libcef_dll\wrapper\cef_resource_manager.cc" "C:\Users\zyb\Documents\work\output\4_libcef\2018-9-19编译\cef_binary_3.2623.1401.gb90a3be_windows32\libcef_dll\wrapper\cef_stream_resource_handler.cc" "C:\Users\zyb\Documents\work\output\4_libcef\2018-9-19编译\cef_binary_3.2623.1401.gb90a3be_windows32\libcef_dll\wrapper\cef_xml_object.cc" "C:\Users\zyb\Documents\work\output\4_libcef\2018-9-19编译\cef_binary_3.2623.1401.gb90a3be_windows32\libcef_dll\wrapper\cef_zip_archive.cc" "C:\Users\zyb\Documents\work\output\4_libcef\2018-9-19编译\cef_binary_3.2623.1401.gb90a3be_windows32\libcef_dll\wrapper\libcef_dll_wrapper.cc" "C:\Users\zyb\Documents\work\output\4_libcef\2018-9-19编译\cef_binary_3.2623.1401.gb90a3be_windows32\libcef_dll\wrapper\libcef_dll_wrapper2.cc"
         transfer_util.cc
         cef_atomicops_x86_gcc.cc
         cef_bind_helpers.cc
         cef_callback_helpers.cc
         cef_callback_internal.cc
         cef_lock.cc
         cef_lock_impl.cc
         cef_logging.cc
         cef_ref_counted.cc
         cef_string16.cc
         cef_thread_checker_impl.cc
         cef_thread_collision_warner.cc
         cef_weak_ptr.cc
         app_cpptoc.cc
         base_cpptoc.cc
         browser_process_handler_cpptoc.cc
         client_cpptoc.cc
         completion_callback_cpptoc.cc
         context_menu_handler_cpptoc.cc
         cookie_visitor_cpptoc.cc
         delete_cookies_callback_cpptoc.cc
         dialog_handler_cpptoc.cc
         display_handler_cpptoc.cc
         domvisitor_cpptoc.cc
         download_handler_cpptoc.cc
         drag_handler_cpptoc.cc
         end_tracing_callback_cpptoc.cc
         find_handler_cpptoc.cc
         focus_handler_cpptoc.cc
         geolocation_handler_cpptoc.cc
         get_geolocation_callback_cpptoc.cc
         jsdialog_handler_cpptoc.cc
         keyboard_handler_cpptoc.cc
         life_span_handler_cpptoc.cc
         load_handler_cpptoc.cc
         navigation_entry_visitor_cpptoc.cc
         pdf_print_callback_cpptoc.cc
         print_handler_cpptoc.cc
         read_handler_cpptoc.cc
         render_handler_cpptoc.cc
         render_process_handler_cpptoc.cc
         request_context_handler_cpptoc.cc
         request_handler_cpptoc.cc
         resolve_callback_cpptoc.cc
         resource_bundle_handler_cpptoc.cc
         resource_handler_cpptoc.cc
         response_filter_cpptoc.cc
         run_file_dialog_callback_cpptoc.cc
         scheme_handler_factory_cpptoc.cc
         set_cookie_callback_cpptoc.cc
         string_visitor_cpptoc.cc
         task_cpptoc.cc
         urlrequest_client_cpptoc.cc
         v8accessor_cpptoc.cc
         v8handler_cpptoc.cc
         web_plugin_info_visitor_cpptoc.cc
         web_plugin_unstable_callback_cpptoc.cc
         write_handler_cpptoc.cc
         auth_callback_ctocpp.cc
         before_download_callback_ctocpp.cc
         binary_value_ctocpp.cc
         browser_ctocpp.cc
         browser_host_ctocpp.cc
         callback_ctocpp.cc
         command_line_ctocpp.cc
         context_menu_params_ctocpp.cc
         cookie_manager_ctocpp.cc
         dictionary_value_ctocpp.cc
         domdocument_ctocpp.cc
         domnode_ctocpp.cc
         download_item_callback_ctocpp.cc
         download_item_ctocpp.cc
         drag_data_ctocpp.cc
         file_dialog_callback_ctocpp.cc
         frame_ctocpp.cc
         geolocation_callback_ctocpp.cc
         jsdialog_callback_ctocpp.cc
         list_value_ctocpp.cc
         menu_model_ctocpp.cc
         navigation_entry_ctocpp.cc
         post_data_ctocpp.cc
         post_data_element_ctocpp.cc
         print_dialog_callback_ctocpp.cc
         print_job_callback_ctocpp.cc
         print_settings_ctocpp.cc
         process_message_ctocpp.cc
         request_callback_ctocpp.cc
         request_context_ctocpp.cc
         request_ctocpp.cc
         resource_bundle_ctocpp.cc
         response_ctocpp.cc
         run_context_menu_callback_ctocpp.cc
         scheme_registrar_ctocpp.cc
         sslcert_principal_ctocpp.cc
         sslinfo_ctocpp.cc
         stream_reader_ctocpp.cc
         stream_writer_ctocpp.cc
         task_runner_ctocpp.cc
         urlrequest_ctocpp.cc
         v8context_ctocpp.cc
         v8exception_ctocpp.cc
         v8stack_frame_ctocpp.cc
         v8stack_trace_ctocpp.cc
         v8value_ctocpp.cc
         value_ctocpp.cc
         web_plugin_info_ctocpp.cc
         xml_reader_ctocpp.cc
         zip_reader_ctocpp.cc
         cef_byte_read_handler.cc
         cef_closure_task.cc
         cef_message_router.cc
         cef_resource_manager.cc
         cef_stream_resource_handler.cc
         cef_xml_object.cc
         cef_zip_archive.cc
         libcef_dll_wrapper.cc
         libcef_dll_wrapper2.cc
       Lib:
         C:\Program Files (x86)\Microsoft Visual Studio 12.0\VC\bin\Lib.exe /OUT:"C:\Users\zyb\Documents\work\output\4_libcef\2018-9-19编译\cef_binary_3.2623.1401.gb90a3be_windows32\vs2013build\libcef_dll\Release\libcef_dll_wrapper.lib" /NOLOGO  /machine:X86 libcef_dll_wrapper.dir\Release\transfer_util.obj
         libcef_dll_wrapper.dir\Release\cef_atomicops_x86_gcc.obj
         libcef_dll_wrapper.dir\Release\cef_bind_helpers.obj
         libcef_dll_wrapper.dir\Release\cef_callback_helpers.obj
         libcef_dll_wrapper.dir\Release\cef_callback_internal.obj
         libcef_dll_wrapper.dir\Release\cef_lock.obj
         libcef_dll_wrapper.dir\Release\cef_lock_impl.obj
         libcef_dll_wrapper.dir\Release\cef_logging.obj
         libcef_dll_wrapper.dir\Release\cef_ref_counted.obj
         libcef_dll_wrapper.dir\Release\cef_string16.obj
         libcef_dll_wrapper.dir\Release\cef_thread_checker_impl.obj
         libcef_dll_wrapper.dir\Release\cef_thread_collision_warner.obj
         libcef_dll_wrapper.dir\Release\cef_weak_ptr.obj
         libcef_dll_wrapper.dir\Release\app_cpptoc.obj
         libcef_dll_wrapper.dir\Release\base_cpptoc.obj
         libcef_dll_wrapper.dir\Release\browser_process_handler_cpptoc.obj
         libcef_dll_wrapper.dir\Release\client_cpptoc.obj
         libcef_dll_wrapper.dir\Release\completion_callback_cpptoc.obj
         libcef_dll_wrapper.dir\Release\context_menu_handler_cpptoc.obj
         libcef_dll_wrapper.dir\Release\cookie_visitor_cpptoc.obj
         libcef_dll_wrapper.dir\Release\delete_cookies_callback_cpptoc.obj
         libcef_dll_wrapper.dir\Release\dialog_handler_cpptoc.obj
         libcef_dll_wrapper.dir\Release\display_handler_cpptoc.obj
         libcef_dll_wrapper.dir\Release\domvisitor_cpptoc.obj
         libcef_dll_wrapper.dir\Release\download_handler_cpptoc.obj
         libcef_dll_wrapper.dir\Release\drag_handler_cpptoc.obj
         libcef_dll_wrapper.dir\Release\end_tracing_callback_cpptoc.obj
         libcef_dll_wrapper.dir\Release\find_handler_cpptoc.obj
         libcef_dll_wrapper.dir\Release\focus_handler_cpptoc.obj
         libcef_dll_wrapper.dir\Release\geolocation_handler_cpptoc.obj
         libcef_dll_wrapper.dir\Release\get_geolocation_callback_cpptoc.obj
         libcef_dll_wrapper.dir\Release\jsdialog_handler_cpptoc.obj
         libcef_dll_wrapper.dir\Release\keyboard_handler_cpptoc.obj
         libcef_dll_wrapper.dir\Release\life_span_handler_cpptoc.obj
         libcef_dll_wrapper.dir\Release\load_handler_cpptoc.obj
         libcef_dll_wrapper.dir\Release\navigation_entry_visitor_cpptoc.obj
         libcef_dll_wrapper.dir\Release\pdf_print_callback_cpptoc.obj
         libcef_dll_wrapper.dir\Release\print_handler_cpptoc.obj
         libcef_dll_wrapper.dir\Release\read_handler_cpptoc.obj
         libcef_dll_wrapper.dir\Release\render_handler_cpptoc.obj
         libcef_dll_wrapper.dir\Release\render_process_handler_cpptoc.obj
         libcef_dll_wrapper.dir\Release\request_context_handler_cpptoc.obj
         libcef_dll_wrapper.dir\Release\request_handler_cpptoc.obj
         libcef_dll_wrapper.dir\Release\resolve_callback_cpptoc.obj
         libcef_dll_wrapper.dir\Release\resource_bundle_handler_cpptoc.obj
         libcef_dll_wrapper.dir\Release\resource_handler_cpptoc.obj
         libcef_dll_wrapper.dir\Release\response_filter_cpptoc.obj
         libcef_dll_wrapper.dir\Release\run_file_dialog_callback_cpptoc.obj
         libcef_dll_wrapper.dir\Release\scheme_handler_factory_cpptoc.obj
         libcef_dll_wrapper.dir\Release\set_cookie_callback_cpptoc.obj
         libcef_dll_wrapper.dir\Release\string_visitor_cpptoc.obj
         libcef_dll_wrapper.dir\Release\task_cpptoc.obj
         libcef_dll_wrapper.dir\Release\urlrequest_client_cpptoc.obj
         libcef_dll_wrapper.dir\Release\v8accessor_cpptoc.obj
         libcef_dll_wrapper.dir\Release\v8handler_cpptoc.obj
         libcef_dll_wrapper.dir\Release\web_plugin_info_visitor_cpptoc.obj
         libcef_dll_wrapper.dir\Release\web_plugin_unstable_callback_cpptoc.obj
         libcef_dll_wrapper.dir\Release\write_handler_cpptoc.obj
         libcef_dll_wrapper.dir\Release\auth_callback_ctocpp.obj
         libcef_dll_wrapper.dir\Release\before_download_callback_ctocpp.obj
         libcef_dll_wrapper.dir\Release\binary_value_ctocpp.obj
         libcef_dll_wrapper.dir\Release\browser_ctocpp.obj
         libcef_dll_wrapper.dir\Release\browser_host_ctocpp.obj
         libcef_dll_wrapper.dir\Release\callback_ctocpp.obj
         libcef_dll_wrapper.dir\Release\command_line_ctocpp.obj
         libcef_dll_wrapper.dir\Release\context_menu_params_ctocpp.obj
         libcef_dll_wrapper.dir\Release\cookie_manager_ctocpp.obj
         libcef_dll_wrapper.dir\Release\dictionary_value_ctocpp.obj
         libcef_dll_wrapper.dir\Release\domdocument_ctocpp.obj
         libcef_dll_wrapper.dir\Release\domnode_ctocpp.obj
         libcef_dll_wrapper.dir\Release\download_item_callback_ctocpp.obj
         libcef_dll_wrapper.dir\Release\download_item_ctocpp.obj
         libcef_dll_wrapper.dir\Release\drag_data_ctocpp.obj
         libcef_dll_wrapper.dir\Release\file_dialog_callback_ctocpp.obj
         libcef_dll_wrapper.dir\Release\frame_ctocpp.obj
         libcef_dll_wrapper.dir\Release\geolocation_callback_ctocpp.obj
         libcef_dll_wrapper.dir\Release\jsdialog_callback_ctocpp.obj
         libcef_dll_wrapper.dir\Release\list_value_ctocpp.obj
         libcef_dll_wrapper.dir\Release\menu_model_ctocpp.obj
         libcef_dll_wrapper.dir\Release\navigation_entry_ctocpp.obj
         libcef_dll_wrapper.dir\Release\post_data_ctocpp.obj
         libcef_dll_wrapper.dir\Release\post_data_element_ctocpp.obj
         libcef_dll_wrapper.dir\Release\print_dialog_callback_ctocpp.obj
         libcef_dll_wrapper.dir\Release\print_job_callback_ctocpp.obj
         libcef_dll_wrapper.dir\Release\print_settings_ctocpp.obj
         libcef_dll_wrapper.dir\Release\process_message_ctocpp.obj
         libcef_dll_wrapper.dir\Release\request_callback_ctocpp.obj
         libcef_dll_wrapper.dir\Release\request_context_ctocpp.obj
         libcef_dll_wrapper.dir\Release\request_ctocpp.obj
         libcef_dll_wrapper.dir\Release\resource_bundle_ctocpp.obj
         libcef_dll_wrapper.dir\Release\response_ctocpp.obj
         libcef_dll_wrapper.dir\Release\run_context_menu_callback_ctocpp.obj
         libcef_dll_wrapper.dir\Release\scheme_registrar_ctocpp.obj
         libcef_dll_wrapper.dir\Release\sslcert_principal_ctocpp.obj
         libcef_dll_wrapper.dir\Release\sslinfo_ctocpp.obj
         libcef_dll_wrapper.dir\Release\stream_reader_ctocpp.obj
         libcef_dll_wrapper.dir\Release\stream_writer_ctocpp.obj
         libcef_dll_wrapper.dir\Release\task_runner_ctocpp.obj
         libcef_dll_wrapper.dir\Release\urlrequest_ctocpp.obj
         libcef_dll_wrapper.dir\Release\v8context_ctocpp.obj
         libcef_dll_wrapper.dir\Release\v8exception_ctocpp.obj
         libcef_dll_wrapper.dir\Release\v8stack_frame_ctocpp.obj
         libcef_dll_wrapper.dir\Release\v8stack_trace_ctocpp.obj
         libcef_dll_wrapper.dir\Release\v8value_ctocpp.obj
         libcef_dll_wrapper.dir\Release\value_ctocpp.obj
         libcef_dll_wrapper.dir\Release\web_plugin_info_ctocpp.obj
         libcef_dll_wrapper.dir\Release\xml_reader_ctocpp.obj
         libcef_dll_wrapper.dir\Release\zip_reader_ctocpp.obj
         libcef_dll_wrapper.dir\Release\cef_byte_read_handler.obj
         libcef_dll_wrapper.dir\Release\cef_closure_task.obj
         libcef_dll_wrapper.dir\Release\cef_message_router.obj
         libcef_dll_wrapper.dir\Release\cef_resource_manager.obj
         libcef_dll_wrapper.dir\Release\cef_stream_resource_handler.obj
         libcef_dll_wrapper.dir\Release\cef_xml_object.obj
         libcef_dll_wrapper.dir\Release\cef_zip_archive.obj
         libcef_dll_wrapper.dir\Release\libcef_dll_wrapper.obj
         libcef_dll_wrapper.dir\Release\libcef_dll_wrapper2.obj
     1>cef_string16.obj : warning LNK4221: 此对象文件未定义任何之前未定义的公共符号，因此任何耗用此库的链接操作都不会使用此文件
         libcef_dll_wrapper.vcxproj -> C:\Users\zyb\Documents\work\output\4_libcef\2018-9-19编译\cef_binary_3.2623.1401.gb90a3be_windows32\vs2013build\libcef_dll\Release\libcef_dll_wrapper.lib
     1>已完成生成项目“C:\Users\zyb\Documents\work\output\4_libcef\2018-9-19编译\cef_binary_3.2623.1401.gb90a3be_windows32\vs2013build\libcef_dll\libcef_dll_wrapper.vcxproj”(Build 个目标)的操作。

生成成功。

已用时间 00:00:37.11
