c:\users\zyb\documents\work\output\4_libcef\2018-9-19编译\cef_binary_3.2623.1401.gb90a3be_windows32\vs2013build\cefclient\cefclient.dir\release\vc120.pdb
c:\users\zyb\documents\work\output\4_libcef\2018-9-19编译\cef_binary_3.2623.1401.gb90a3be_windows32\vs2013build\cefclient\cmakefiles\generate.stamp
c:\users\zyb\documents\work\output\4_libcef\2018-9-19编译\cef_binary_3.2623.1401.gb90a3be_windows32\vs2013build\cefclient\cefclient.dir\release\cefclient.res
c:\users\zyb\documents\work\output\4_libcef\2018-9-19编译\cef_binary_3.2623.1401.gb90a3be_windows32\vs2013build\cefclient\cefclient.dir\release\cefclient.vcxprojresolveassemblyreference.cache
c:\users\zyb\documents\work\output\4_libcef\2018-9-19编译\cef_binary_3.2623.1401.gb90a3be_windows32\vs2013build\cefclient\cefclient.dir\release\binding_test.obj
c:\users\zyb\documents\work\output\4_libcef\2018-9-19编译\cef_binary_3.2623.1401.gb90a3be_windows32\vs2013build\cefclient\cefclient.dir\release\browser_window.obj
c:\users\zyb\documents\work\output\4_libcef\2018-9-19编译\cef_binary_3.2623.1401.gb90a3be_windows32\vs2013build\cefclient\cefclient.dir\release\browser_window_osr_win.obj
c:\users\zyb\documents\work\output\4_libcef\2018-9-19编译\cef_binary_3.2623.1401.gb90a3be_windows32\vs2013build\cefclient\cefclient.dir\release\browser_window_std_win.obj
c:\users\zyb\documents\work\output\4_libcef\2018-9-19编译\cef_binary_3.2623.1401.gb90a3be_windows32\vs2013build\cefclient\cefclient.dir\release\bytes_write_handler.obj
c:\users\zyb\documents\work\output\4_libcef\2018-9-19编译\cef_binary_3.2623.1401.gb90a3be_windows32\vs2013build\cefclient\cefclient.dir\release\cefclient_win.obj
c:\users\zyb\documents\work\output\4_libcef\2018-9-19编译\cef_binary_3.2623.1401.gb90a3be_windows32\vs2013build\cefclient\cefclient.dir\release\client_app.obj
c:\users\zyb\documents\work\output\4_libcef\2018-9-19编译\cef_binary_3.2623.1401.gb90a3be_windows32\vs2013build\cefclient\cefclient.dir\release\client_app_browser.obj
c:\users\zyb\documents\work\output\4_libcef\2018-9-19编译\cef_binary_3.2623.1401.gb90a3be_windows32\vs2013build\cefclient\cefclient.dir\release\client_app_delegates_browser.obj
c:\users\zyb\documents\work\output\4_libcef\2018-9-19编译\cef_binary_3.2623.1401.gb90a3be_windows32\vs2013build\cefclient\cefclient.dir\release\client_app_delegates_common.obj
c:\users\zyb\documents\work\output\4_libcef\2018-9-19编译\cef_binary_3.2623.1401.gb90a3be_windows32\vs2013build\cefclient\cefclient.dir\release\client_app_delegates_renderer.obj
c:\users\zyb\documents\work\output\4_libcef\2018-9-19编译\cef_binary_3.2623.1401.gb90a3be_windows32\vs2013build\cefclient\cefclient.dir\release\client_app_other.obj
c:\users\zyb\documents\work\output\4_libcef\2018-9-19编译\cef_binary_3.2623.1401.gb90a3be_windows32\vs2013build\cefclient\cefclient.dir\release\client_app_renderer.obj
c:\users\zyb\documents\work\output\4_libcef\2018-9-19编译\cef_binary_3.2623.1401.gb90a3be_windows32\vs2013build\cefclient\cefclient.dir\release\client_handler.obj
c:\users\zyb\documents\work\output\4_libcef\2018-9-19编译\cef_binary_3.2623.1401.gb90a3be_windows32\vs2013build\cefclient\cefclient.dir\release\client_handler_osr.obj
c:\users\zyb\documents\work\output\4_libcef\2018-9-19编译\cef_binary_3.2623.1401.gb90a3be_windows32\vs2013build\cefclient\cefclient.dir\release\client_handler_std.obj
c:\users\zyb\documents\work\output\4_libcef\2018-9-19编译\cef_binary_3.2623.1401.gb90a3be_windows32\vs2013build\cefclient\cefclient.dir\release\client_renderer.obj
c:\users\zyb\documents\work\output\4_libcef\2018-9-19编译\cef_binary_3.2623.1401.gb90a3be_windows32\vs2013build\cefclient\cefclient.dir\release\client_switches.obj
c:\users\zyb\documents\work\output\4_libcef\2018-9-19编译\cef_binary_3.2623.1401.gb90a3be_windows32\vs2013build\cefclient\cefclient.dir\release\dialog_test.obj
c:\users\zyb\documents\work\output\4_libcef\2018-9-19编译\cef_binary_3.2623.1401.gb90a3be_windows32\vs2013build\cefclient\cefclient.dir\release\geometry_util.obj
c:\users\zyb\documents\work\output\4_libcef\2018-9-19编译\cef_binary_3.2623.1401.gb90a3be_windows32\vs2013build\cefclient\cefclient.dir\release\main_context.obj
c:\users\zyb\documents\work\output\4_libcef\2018-9-19编译\cef_binary_3.2623.1401.gb90a3be_windows32\vs2013build\cefclient\cefclient.dir\release\main_context_impl.obj
c:\users\zyb\documents\work\output\4_libcef\2018-9-19编译\cef_binary_3.2623.1401.gb90a3be_windows32\vs2013build\cefclient\cefclient.dir\release\main_context_impl_win.obj
c:\users\zyb\documents\work\output\4_libcef\2018-9-19编译\cef_binary_3.2623.1401.gb90a3be_windows32\vs2013build\cefclient\cefclient.dir\release\main_message_loop.obj
c:\users\zyb\documents\work\output\4_libcef\2018-9-19编译\cef_binary_3.2623.1401.gb90a3be_windows32\vs2013build\cefclient\cefclient.dir\release\main_message_loop_multithreaded_win.obj
c:\users\zyb\documents\work\output\4_libcef\2018-9-19编译\cef_binary_3.2623.1401.gb90a3be_windows32\vs2013build\cefclient\cefclient.dir\release\main_message_loop_std.obj
c:\users\zyb\documents\work\output\4_libcef\2018-9-19编译\cef_binary_3.2623.1401.gb90a3be_windows32\vs2013build\cefclient\cefclient.dir\release\osr_dragdrop_win.obj
c:\users\zyb\documents\work\output\4_libcef\2018-9-19编译\cef_binary_3.2623.1401.gb90a3be_windows32\vs2013build\cefclient\cefclient.dir\release\osr_renderer.obj
c:\users\zyb\documents\work\output\4_libcef\2018-9-19编译\cef_binary_3.2623.1401.gb90a3be_windows32\vs2013build\cefclient\cefclient.dir\release\osr_window_win.obj
c:\users\zyb\documents\work\output\4_libcef\2018-9-19编译\cef_binary_3.2623.1401.gb90a3be_windows32\vs2013build\cefclient\cefclient.dir\release\performance_test.obj
c:\users\zyb\documents\work\output\4_libcef\2018-9-19编译\cef_binary_3.2623.1401.gb90a3be_windows32\vs2013build\cefclient\cefclient.dir\release\performance_test_tests.obj
c:\users\zyb\documents\work\output\4_libcef\2018-9-19编译\cef_binary_3.2623.1401.gb90a3be_windows32\vs2013build\cefclient\cefclient.dir\release\preferences_test.obj
c:\users\zyb\documents\work\output\4_libcef\2018-9-19编译\cef_binary_3.2623.1401.gb90a3be_windows32\vs2013build\cefclient\cefclient.dir\release\resource_util_win.obj
c:\users\zyb\documents\work\output\4_libcef\2018-9-19编译\cef_binary_3.2623.1401.gb90a3be_windows32\vs2013build\cefclient\cefclient.dir\release\response_filter_test.obj
c:\users\zyb\documents\work\output\4_libcef\2018-9-19编译\cef_binary_3.2623.1401.gb90a3be_windows32\vs2013build\cefclient\cefclient.dir\release\root_window.obj
c:\users\zyb\documents\work\output\4_libcef\2018-9-19编译\cef_binary_3.2623.1401.gb90a3be_windows32\vs2013build\cefclient\cefclient.dir\release\root_window_manager.obj
c:\users\zyb\documents\work\output\4_libcef\2018-9-19编译\cef_binary_3.2623.1401.gb90a3be_windows32\vs2013build\cefclient\cefclient.dir\release\root_window_win.obj
c:\users\zyb\documents\work\output\4_libcef\2018-9-19编译\cef_binary_3.2623.1401.gb90a3be_windows32\vs2013build\cefclient\cefclient.dir\release\scheme_test.obj
c:\users\zyb\documents\work\output\4_libcef\2018-9-19编译\cef_binary_3.2623.1401.gb90a3be_windows32\vs2013build\cefclient\cefclient.dir\release\scheme_test_common.obj
c:\users\zyb\documents\work\output\4_libcef\2018-9-19编译\cef_binary_3.2623.1401.gb90a3be_windows32\vs2013build\cefclient\cefclient.dir\release\temp_window_win.obj
c:\users\zyb\documents\work\output\4_libcef\2018-9-19编译\cef_binary_3.2623.1401.gb90a3be_windows32\vs2013build\cefclient\cefclient.dir\release\test_runner.obj
c:\users\zyb\documents\work\output\4_libcef\2018-9-19编译\cef_binary_3.2623.1401.gb90a3be_windows32\vs2013build\cefclient\cefclient.dir\release\urlrequest_test.obj
c:\users\zyb\documents\work\output\4_libcef\2018-9-19编译\cef_binary_3.2623.1401.gb90a3be_windows32\vs2013build\cefclient\cefclient.dir\release\util_win.obj
c:\users\zyb\documents\work\output\4_libcef\2018-9-19编译\cef_binary_3.2623.1401.gb90a3be_windows32\vs2013build\cefclient\cefclient.dir\release\window_test.obj
c:\users\zyb\documents\work\output\4_libcef\2018-9-19编译\cef_binary_3.2623.1401.gb90a3be_windows32\vs2013build\cefclient\cefclient.dir\release\window_test_win.obj
c:\users\zyb\documents\work\output\4_libcef\2018-9-19编译\cef_binary_3.2623.1401.gb90a3be_windows32\vs2013build\cefclient\cefclient.dir\release\cefclient.tlog\cl.command.1.tlog
c:\users\zyb\documents\work\output\4_libcef\2018-9-19编译\cef_binary_3.2623.1401.gb90a3be_windows32\vs2013build\cefclient\cefclient.dir\release\cefclient.tlog\cl.read.1.tlog
c:\users\zyb\documents\work\output\4_libcef\2018-9-19编译\cef_binary_3.2623.1401.gb90a3be_windows32\vs2013build\cefclient\cefclient.dir\release\cefclient.tlog\cl.write.1.tlog
c:\users\zyb\documents\work\output\4_libcef\2018-9-19编译\cef_binary_3.2623.1401.gb90a3be_windows32\vs2013build\cefclient\cefclient.dir\release\cefclient.tlog\custombuild.command.1.tlog
c:\users\zyb\documents\work\output\4_libcef\2018-9-19编译\cef_binary_3.2623.1401.gb90a3be_windows32\vs2013build\cefclient\cefclient.dir\release\cefclient.tlog\custombuild.read.1.tlog
c:\users\zyb\documents\work\output\4_libcef\2018-9-19编译\cef_binary_3.2623.1401.gb90a3be_windows32\vs2013build\cefclient\cefclient.dir\release\cefclient.tlog\custombuild.write.1.tlog
c:\users\zyb\documents\work\output\4_libcef\2018-9-19编译\cef_binary_3.2623.1401.gb90a3be_windows32\vs2013build\cefclient\cefclient.dir\release\cefclient.tlog\link.9968.read.1.tlog
c:\users\zyb\documents\work\output\4_libcef\2018-9-19编译\cef_binary_3.2623.1401.gb90a3be_windows32\vs2013build\cefclient\cefclient.dir\release\cefclient.tlog\link.9968.write.1.tlog
c:\users\zyb\documents\work\output\4_libcef\2018-9-19编译\cef_binary_3.2623.1401.gb90a3be_windows32\vs2013build\cefclient\cefclient.dir\release\cefclient.tlog\link.command.1.tlog
c:\users\zyb\documents\work\output\4_libcef\2018-9-19编译\cef_binary_3.2623.1401.gb90a3be_windows32\vs2013build\cefclient\cefclient.dir\release\cefclient.tlog\link.read.1.tlog
c:\users\zyb\documents\work\output\4_libcef\2018-9-19编译\cef_binary_3.2623.1401.gb90a3be_windows32\vs2013build\cefclient\cefclient.dir\release\cefclient.tlog\link.write.1.tlog
c:\users\zyb\documents\work\output\4_libcef\2018-9-19编译\cef_binary_3.2623.1401.gb90a3be_windows32\vs2013build\cefclient\cefclient.dir\release\cefclient.tlog\rc.command.1.tlog
c:\users\zyb\documents\work\output\4_libcef\2018-9-19编译\cef_binary_3.2623.1401.gb90a3be_windows32\vs2013build\cefclient\cefclient.dir\release\cefclient.tlog\rc.read.1.tlog
c:\users\zyb\documents\work\output\4_libcef\2018-9-19编译\cef_binary_3.2623.1401.gb90a3be_windows32\vs2013build\cefclient\cefclient.dir\release\cefclient.tlog\rc.write.1.tlog
