生成启动时间为 2018/9/19 15:09:25。
     1>项目“C:\Users\zyb\Documents\work\output\4_libcef\2018-9-19编译\cef_binary_3.2623.1401.gb90a3be_windows32\vs2013build\cefclient\cefclient.vcxproj”在节点 2 上(Build 个目标)。
     1>ClCompile:
         C:\Program Files (x86)\Microsoft Visual Studio 12.0\VC\bin\CL.exe /c /I"C:\Users\zyb\Documents\work\output\4_libcef\2018-9-19编译\cef_binary_3.2623.1401.gb90a3be_windows32" /Zi /nologo /W4 /WX /MP /O2 /Ob2 /Oy- /D NDEBUG /D _NDEBUG /D __STDC_CONSTANT_MACROS /D __STDC_FORMAT_MACROS /D WIN32 /D _WIN32 /D _WINDOWS /D UNICODE /D _UNICODE /D WINVER=0x0602 /D _WIN32_WINNT=0x602 /D NOMINMAX /D WIN32_LEAN_AND_MEAN /D _HAS_EXCEPTIONS=0 /D PSAPI_VERSION=1 /D CEF_USE_SANDBOX /D CEF_USE_ATL /D "CMAKE_INTDIR=\"Release\"" /D _UNICODE /D UNICODE /GF /Gm- /MT /GS /Gy /fp:precise /Zc:wchar_t /Zc:forScope /GR- /Fo"cefclient.dir\Release\\" /Fd"cefclient.dir\Release\vc120.pdb" /Gd /TP /wd4100 /wd4127 /wd4244 /wd4481 /wd4512 /wd4701 /wd4702 /wd4996 /analyze- /errorReport:prompt "C:\Users\zyb\Documents\work\output\4_libcef\2018-9-19编译\cef_binary_3.2623.1401.gb90a3be_windows32\cefclient\browser\binding_test.cc" "C:\Users\zyb\Documents\work\output\4_libcef\2018-9-19编译\cef_binary_3.2623.1401.gb90a3be_windows32\cefclient\browser\browser_window.cc" "C:\Users\zyb\Documents\work\output\4_libcef\2018-9-19编译\cef_binary_3.2623.1401.gb90a3be_windows32\cefclient\browser\bytes_write_handler.cc" "C:\Users\zyb\Documents\work\output\4_libcef\2018-9-19编译\cef_binary_3.2623.1401.gb90a3be_windows32\cefclient\browser\client_app_browser.cc" "C:\Users\zyb\Documents\work\output\4_libcef\2018-9-19编译\cef_binary_3.2623.1401.gb90a3be_windows32\cefclient\browser\client_app_delegates_browser.cc" "C:\Users\zyb\Documents\work\output\4_libcef\2018-9-19编译\cef_binary_3.2623.1401.gb90a3be_windows32\cefclient\browser\client_handler.cc" "C:\Users\zyb\Documents\work\output\4_libcef\2018-9-19编译\cef_binary_3.2623.1401.gb90a3be_windows32\cefclient\browser\client_handler_osr.cc" "C:\Users\zyb\Documents\work\output\4_libcef\2018-9-19编译\cef_binary_3.2623.1401.gb90a3be_windows32\cefclient\browser\client_handler_std.cc" "C:\Users\zyb\Documents\work\output\4_libcef\2018-9-19编译\cef_binary_3.2623.1401.gb90a3be_windows32\cefclient\browser\dialog_test.cc" "C:\Users\zyb\Documents\work\output\4_libcef\2018-9-19编译\cef_binary_3.2623.1401.gb90a3be_windows32\cefclient\browser\geometry_util.cc" "C:\Users\zyb\Documents\work\output\4_libcef\2018-9-19编译\cef_binary_3.2623.1401.gb90a3be_windows32\cefclient\browser\main_context.cc" "C:\Users\zyb\Documents\work\output\4_libcef\2018-9-19编译\cef_binary_3.2623.1401.gb90a3be_windows32\cefclient\browser\main_context_impl.cc" "C:\Users\zyb\Documents\work\output\4_libcef\2018-9-19编译\cef_binary_3.2623.1401.gb90a3be_windows32\cefclient\browser\main_message_loop.cc" "C:\Users\zyb\Documents\work\output\4_libcef\2018-9-19编译\cef_binary_3.2623.1401.gb90a3be_windows32\cefclient\browser\main_message_loop_std.cc" "C:\Users\zyb\Documents\work\output\4_libcef\2018-9-19编译\cef_binary_3.2623.1401.gb90a3be_windows32\cefclient\browser\osr_renderer.cc" "C:\Users\zyb\Documents\work\output\4_libcef\2018-9-19编译\cef_binary_3.2623.1401.gb90a3be_windows32\cefclient\browser\preferences_test.cc" "C:\Users\zyb\Documents\work\output\4_libcef\2018-9-19编译\cef_binary_3.2623.1401.gb90a3be_windows32\cefclient\browser\response_filter_test.cc" "C:\Users\zyb\Documents\work\output\4_libcef\2018-9-19编译\cef_binary_3.2623.1401.gb90a3be_windows32\cefclient\browser\root_window.cc" "C:\Users\zyb\Documents\work\output\4_libcef\2018-9-19编译\cef_binary_3.2623.1401.gb90a3be_windows32\cefclient\browser\root_window_manager.cc" "C:\Users\zyb\Documents\work\output\4_libcef\2018-9-19编译\cef_binary_3.2623.1401.gb90a3be_windows32\cefclient\browser\scheme_test.cc" "C:\Users\zyb\Documents\work\output\4_libcef\2018-9-19编译\cef_binary_3.2623.1401.gb90a3be_windows32\cefclient\browser\test_runner.cc" "C:\Users\zyb\Documents\work\output\4_libcef\2018-9-19编译\cef_binary_3.2623.1401.gb90a3be_windows32\cefclient\browser\urlrequest_test.cc" "C:\Users\zyb\Documents\work\output\4_libcef\2018-9-19编译\cef_binary_3.2623.1401.gb90a3be_windows32\cefclient\browser\window_test.cc" "C:\Users\zyb\Documents\work\output\4_libcef\2018-9-19编译\cef_binary_3.2623.1401.gb90a3be_windows32\cefclient\common\client_app.cc" "C:\Users\zyb\Documents\work\output\4_libcef\2018-9-19编译\cef_binary_3.2623.1401.gb90a3be_windows32\cefclient\common\client_app_delegates_common.cc" "C:\Users\zyb\Documents\work\output\4_libcef\2018-9-19编译\cef_binary_3.2623.1401.gb90a3be_windows32\cefclient\common\client_app_other.cc" "C:\Users\zyb\Documents\work\output\4_libcef\2018-9-19编译\cef_binary_3.2623.1401.gb90a3be_windows32\cefclient\common\client_switches.cc" "C:\Users\zyb\Documents\work\output\4_libcef\2018-9-19编译\cef_binary_3.2623.1401.gb90a3be_windows32\cefclient\common\scheme_test_common.cc" "C:\Users\zyb\Documents\work\output\4_libcef\2018-9-19编译\cef_binary_3.2623.1401.gb90a3be_windows32\cefclient\renderer\client_app_delegates_renderer.cc" "C:\Users\zyb\Documents\work\output\4_libcef\2018-9-19编译\cef_binary_3.2623.1401.gb90a3be_windows32\cefclient\renderer\client_app_renderer.cc" "C:\Users\zyb\Documents\work\output\4_libcef\2018-9-19编译\cef_binary_3.2623.1401.gb90a3be_windows32\cefclient\renderer\client_renderer.cc" "C:\Users\zyb\Documents\work\output\4_libcef\2018-9-19编译\cef_binary_3.2623.1401.gb90a3be_windows32\cefclient\renderer\performance_test.cc" "C:\Users\zyb\Documents\work\output\4_libcef\2018-9-19编译\cef_binary_3.2623.1401.gb90a3be_windows32\cefclient\renderer\performance_test_tests.cc" "C:\Users\zyb\Documents\work\output\4_libcef\2018-9-19编译\cef_binary_3.2623.1401.gb90a3be_windows32\cefclient\cefclient_win.cc" "C:\Users\zyb\Documents\work\output\4_libcef\2018-9-19编译\cef_binary_3.2623.1401.gb90a3be_windows32\cefclient\browser\browser_window_osr_win.cc" "C:\Users\zyb\Documents\work\output\4_libcef\2018-9-19编译\cef_binary_3.2623.1401.gb90a3be_windows32\cefclient\browser\browser_window_std_win.cc" "C:\Users\zyb\Documents\work\output\4_libcef\2018-9-19编译\cef_binary_3.2623.1401.gb90a3be_windows32\cefclient\browser\main_context_impl_win.cc" "C:\Users\zyb\Documents\work\output\4_libcef\2018-9-19编译\cef_binary_3.2623.1401.gb90a3be_windows32\cefclient\browser\main_message_loop_multithreaded_win.cc" "C:\Users\zyb\Documents\work\output\4_libcef\2018-9-19编译\cef_binary_3.2623.1401.gb90a3be_windows32\cefclient\browser\osr_dragdrop_win.cc" "C:\Users\zyb\Documents\work\output\4_libcef\2018-9-19编译\cef_binary_3.2623.1401.gb90a3be_windows32\cefclient\browser\osr_window_win.cc" "C:\Users\zyb\Documents\work\output\4_libcef\2018-9-19编译\cef_binary_3.2623.1401.gb90a3be_windows32\cefclient\browser\resource_util_win.cc" "C:\Users\zyb\Documents\work\output\4_libcef\2018-9-19编译\cef_binary_3.2623.1401.gb90a3be_windows32\cefclient\browser\root_window_win.cc" "C:\Users\zyb\Documents\work\output\4_libcef\2018-9-19编译\cef_binary_3.2623.1401.gb90a3be_windows32\cefclient\browser\temp_window_win.cc" "C:\Users\zyb\Documents\work\output\4_libcef\2018-9-19编译\cef_binary_3.2623.1401.gb90a3be_windows32\cefclient\browser\util_win.cc" "C:\Users\zyb\Documents\work\output\4_libcef\2018-9-19编译\cef_binary_3.2623.1401.gb90a3be_windows32\cefclient\browser\window_test_win.cc"
         binding_test.cc
         browser_window.cc
         bytes_write_handler.cc
         client_app_browser.cc
         client_app_delegates_browser.cc
         client_handler.cc
         client_handler_osr.cc
         client_handler_std.cc
         dialog_test.cc
         geometry_util.cc
         main_context.cc
         main_context_impl.cc
         main_message_loop.cc
         main_message_loop_std.cc
         osr_renderer.cc
         preferences_test.cc
         response_filter_test.cc
         root_window.cc
         root_window_manager.cc
         scheme_test.cc
         test_runner.cc
         urlrequest_test.cc
         window_test.cc
         client_app.cc
         client_app_delegates_common.cc
         client_app_other.cc
         client_switches.cc
         scheme_test_common.cc
         client_app_delegates_renderer.cc
         client_app_renderer.cc
         client_renderer.cc
         performance_test.cc
         performance_test_tests.cc
         cefclient_win.cc
         browser_window_osr_win.cc
         browser_window_std_win.cc
         main_context_impl_win.cc
         main_message_loop_multithreaded_win.cc
         osr_dragdrop_win.cc
         osr_window_win.cc
         resource_util_win.cc
         root_window_win.cc
         temp_window_win.cc
         util_win.cc
         window_test_win.cc
       Link:
         C:\Program Files (x86)\Microsoft Visual Studio 12.0\VC\bin\link.exe /ERRORREPORT:PROMPT /OUT:"C:\Users\zyb\Documents\work\output\4_libcef\2018-9-19编译\cef_binary_3.2623.1401.gb90a3be_windows32\vs2013build\cefclient\Release\cefclient.exe" /INCREMENTAL /NOLOGO ..\..\Release\libcef.lib ..\libcef_dll\Release\libcef_dll_wrapper.lib comctl32.lib rpcrt4.lib shlwapi.lib ws2_32.lib glu32.lib opengl32.lib ..\..\Release\cef_sandbox.lib dbghelp.lib psapi.lib kernel32.lib user32.lib gdi32.lib winspool.lib shell32.lib ole32.lib oleaut32.lib uuid.lib comdlg32.lib advapi32.lib /MANIFEST:NO /PDB:"C:/Users/zyb/Documents/work/output/4_libcef/2018-9-19编译/cef_binary_3.2623.1401.gb90a3be_windows32/vs2013build/cefclient/Release/cefclient.pdb" /SUBSYSTEM:WINDOWS /TLBID:1 /DYNAMICBASE /NXCOMPAT /IMPLIB:"C:/Users/zyb/Documents/work/output/4_libcef/2018-9-19编译/cef_binary_3.2623.1401.gb90a3be_windows32/vs2013build/cefclient/Release/cefclient.lib" /MACHINE:X86 /SAFESEH cefclient.dir\Release\cefclient.res
         cefclient.dir\Release\binding_test.obj
         cefclient.dir\Release\browser_window.obj
         cefclient.dir\Release\bytes_write_handler.obj
         cefclient.dir\Release\client_app_browser.obj
         cefclient.dir\Release\client_app_delegates_browser.obj
         cefclient.dir\Release\client_handler.obj
         cefclient.dir\Release\client_handler_osr.obj
         cefclient.dir\Release\client_handler_std.obj
         cefclient.dir\Release\dialog_test.obj
         cefclient.dir\Release\geometry_util.obj
         cefclient.dir\Release\main_context.obj
         cefclient.dir\Release\main_context_impl.obj
         cefclient.dir\Release\main_message_loop.obj
         cefclient.dir\Release\main_message_loop_std.obj
         cefclient.dir\Release\osr_renderer.obj
         cefclient.dir\Release\preferences_test.obj
         cefclient.dir\Release\response_filter_test.obj
         cefclient.dir\Release\root_window.obj
         cefclient.dir\Release\root_window_manager.obj
         cefclient.dir\Release\scheme_test.obj
         cefclient.dir\Release\test_runner.obj
         cefclient.dir\Release\urlrequest_test.obj
         cefclient.dir\Release\window_test.obj
         cefclient.dir\Release\client_app.obj
         cefclient.dir\Release\client_app_delegates_common.obj
         cefclient.dir\Release\client_app_other.obj
         cefclient.dir\Release\client_switches.obj
         cefclient.dir\Release\scheme_test_common.obj
         cefclient.dir\Release\client_app_delegates_renderer.obj
         cefclient.dir\Release\client_app_renderer.obj
         cefclient.dir\Release\client_renderer.obj
         cefclient.dir\Release\performance_test.obj
         cefclient.dir\Release\performance_test_tests.obj
         cefclient.dir\Release\cefclient_win.obj
         cefclient.dir\Release\browser_window_osr_win.obj
         cefclient.dir\Release\browser_window_std_win.obj
         cefclient.dir\Release\main_context_impl_win.obj
         cefclient.dir\Release\main_message_loop_multithreaded_win.obj
         cefclient.dir\Release\osr_dragdrop_win.obj
         cefclient.dir\Release\osr_window_win.obj
         cefclient.dir\Release\resource_util_win.obj
         cefclient.dir\Release\root_window_win.obj
         cefclient.dir\Release\temp_window_win.obj
         cefclient.dir\Release\util_win.obj
         cefclient.dir\Release\window_test_win.obj
         cef_sandbox.lib(base.windows_version.obj) : 找到 MSIL .netmodule 或使用 /GL 编译的模块；正在使用 /LTCG 重新启动链接；将 /LTCG 添加到链接命令行以改进链接器性能
     1>LINK : warning LNK4075: 忽略“/INCREMENTAL”(由于“/LTCG”规范)
            正在创建库 C:/Users/zyb/Documents/work/output/4_libcef/2018-9-19编译/cef_binary_3.2623.1401.gb90a3be_windows32/vs2013build/cefclient/Release/cefclient.lib 和对象 C:/Users/zyb/Documents/work/output/4_libcef/2018-9-19编译/cef_binary_3.2623.1401.gb90a3be_windows32/vs2013build/cefclient/Release/cefclient.exp
         正在生成代码
         已完成代码的生成
         cefclient.vcxproj -> C:\Users\zyb\Documents\work\output\4_libcef\2018-9-19编译\cef_binary_3.2623.1401.gb90a3be_windows32\vs2013build\cefclient\Release\cefclient.exe
       PostBuildEvent:
         setlocal
         mt.exe -nologo -manifest "C:/Users/zyb/Documents/work/output/4_libcef/2018-9-19编译/cef_binary_3.2623.1401.gb90a3be_windows32/cefclient/resources/win/cefclient.exe.manifest" "C:/Users/zyb/Documents/work/output/4_libcef/2018-9-19编译/cef_binary_3.2623.1401.gb90a3be_windows32/cefclient/resources/win/compatibility.manifest" -outputresource:"C:/Users/zyb/Documents/work/output/4_libcef/2018-9-19编译/cef_binary_3.2623.1401.gb90a3be_windows32/vs2013build/cefclient/Release/cefclient.exe";#1
         if %errorlevel% neq 0 goto :cmEnd
         :cmEnd
         endlocal & call :cmErrorLevel %errorlevel% & goto :cmDone
         :cmErrorLevel
         exit /b %1
         :cmDone
         if %errorlevel% neq 0 goto :VCEnd
         setlocal
         C:\Users\zyb\Documents\work\代码管理\Cmake\cmake-3.11.0-rc2-win64-x64\bin\cmake.exe -E copy_if_different C:/Users/zyb/Documents/work/output/4_libcef/2018-9-19编译/cef_binary_3.2623.1401.gb90a3be_windows32/Release/d3dcompiler_43.dll C:/Users/zyb/Documents/work/output/4_libcef/2018-9-19编译/cef_binary_3.2623.1401.gb90a3be_windows32/vs2013build/cefclient/Release/d3dcompiler_43.dll
         if %errorlevel% neq 0 goto :cmEnd
         :cmEnd
         endlocal & call :cmErrorLevel %errorlevel% & goto :cmDone
         :cmErrorLevel
         exit /b %1
         :cmDone
         if %errorlevel% neq 0 goto :VCEnd
         setlocal
         C:\Users\zyb\Documents\work\代码管理\Cmake\cmake-3.11.0-rc2-win64-x64\bin\cmake.exe -E copy_if_different C:/Users/zyb/Documents/work/output/4_libcef/2018-9-19编译/cef_binary_3.2623.1401.gb90a3be_windows32/Release/d3dcompiler_47.dll C:/Users/zyb/Documents/work/output/4_libcef/2018-9-19编译/cef_binary_3.2623.1401.gb90a3be_windows32/vs2013build/cefclient/Release/d3dcompiler_47.dll
         if %errorlevel% neq 0 goto :cmEnd
         :cmEnd
         endlocal & call :cmErrorLevel %errorlevel% & goto :cmDone
         :cmErrorLevel
         exit /b %1
         :cmDone
         if %errorlevel% neq 0 goto :VCEnd
         setlocal
         C:\Users\zyb\Documents\work\代码管理\Cmake\cmake-3.11.0-rc2-win64-x64\bin\cmake.exe -E copy_if_different C:/Users/zyb/Documents/work/output/4_libcef/2018-9-19编译/cef_binary_3.2623.1401.gb90a3be_windows32/Release/libcef.dll C:/Users/zyb/Documents/work/output/4_libcef/2018-9-19编译/cef_binary_3.2623.1401.gb90a3be_windows32/vs2013build/cefclient/Release/libcef.dll
         if %errorlevel% neq 0 goto :cmEnd
         :cmEnd
         endlocal & call :cmErrorLevel %errorlevel% & goto :cmDone
         :cmErrorLevel
         exit /b %1
         :cmDone
         if %errorlevel% neq 0 goto :VCEnd
         setlocal
         C:\Users\zyb\Documents\work\代码管理\Cmake\cmake-3.11.0-rc2-win64-x64\bin\cmake.exe -E copy_if_different C:/Users/zyb/Documents/work/output/4_libcef/2018-9-19编译/cef_binary_3.2623.1401.gb90a3be_windows32/Release/libEGL.dll C:/Users/zyb/Documents/work/output/4_libcef/2018-9-19编译/cef_binary_3.2623.1401.gb90a3be_windows32/vs2013build/cefclient/Release/libEGL.dll
         if %errorlevel% neq 0 goto :cmEnd
         :cmEnd
         endlocal & call :cmErrorLevel %errorlevel% & goto :cmDone
         :cmErrorLevel
         exit /b %1
         :cmDone
         if %errorlevel% neq 0 goto :VCEnd
         setlocal
         C:\Users\zyb\Documents\work\代码管理\Cmake\cmake-3.11.0-rc2-win64-x64\bin\cmake.exe -E copy_if_different C:/Users/zyb/Documents/work/output/4_libcef/2018-9-19编译/cef_binary_3.2623.1401.gb90a3be_windows32/Release/libGLESv2.dll C:/Users/zyb/Documents/work/output/4_libcef/2018-9-19编译/cef_binary_3.2623.1401.gb90a3be_windows32/vs2013build/cefclient/Release/libGLESv2.dll
         if %errorlevel% neq 0 goto :cmEnd
         :cmEnd
         endlocal & call :cmErrorLevel %errorlevel% & goto :cmDone
         :cmErrorLevel
         exit /b %1
         :cmDone
         if %errorlevel% neq 0 goto :VCEnd
         setlocal
         C:\Users\zyb\Documents\work\代码管理\Cmake\cmake-3.11.0-rc2-win64-x64\bin\cmake.exe -E copy_if_different C:/Users/zyb/Documents/work/output/4_libcef/2018-9-19编译/cef_binary_3.2623.1401.gb90a3be_windows32/Release/natives_blob.bin C:/Users/zyb/Documents/work/output/4_libcef/2018-9-19编译/cef_binary_3.2623.1401.gb90a3be_windows32/vs2013build/cefclient/Release/natives_blob.bin
         if %errorlevel% neq 0 goto :cmEnd
         :cmEnd
         endlocal & call :cmErrorLevel %errorlevel% & goto :cmDone
         :cmErrorLevel
         exit /b %1
         :cmDone
         if %errorlevel% neq 0 goto :VCEnd
         setlocal
         C:\Users\zyb\Documents\work\代码管理\Cmake\cmake-3.11.0-rc2-win64-x64\bin\cmake.exe -E copy_if_different C:/Users/zyb/Documents/work/output/4_libcef/2018-9-19编译/cef_binary_3.2623.1401.gb90a3be_windows32/Release/snapshot_blob.bin C:/Users/zyb/Documents/work/output/4_libcef/2018-9-19编译/cef_binary_3.2623.1401.gb90a3be_windows32/vs2013build/cefclient/Release/snapshot_blob.bin
         if %errorlevel% neq 0 goto :cmEnd
         :cmEnd
         endlocal & call :cmErrorLevel %errorlevel% & goto :cmDone
         :cmErrorLevel
         exit /b %1
         :cmDone
         if %errorlevel% neq 0 goto :VCEnd
         setlocal
         C:\Users\zyb\Documents\work\代码管理\Cmake\cmake-3.11.0-rc2-win64-x64\bin\cmake.exe -E copy_if_different C:/Users/zyb/Documents/work/output/4_libcef/2018-9-19编译/cef_binary_3.2623.1401.gb90a3be_windows32/Release/wow_helper.exe C:/Users/zyb/Documents/work/output/4_libcef/2018-9-19编译/cef_binary_3.2623.1401.gb90a3be_windows32/vs2013build/cefclient/Release/wow_helper.exe
         if %errorlevel% neq 0 goto :cmEnd
         :cmEnd
         endlocal & call :cmErrorLevel %errorlevel% & goto :cmDone
         :cmErrorLevel
         exit /b %1
         :cmDone
         if %errorlevel% neq 0 goto :VCEnd
         setlocal
         C:\Users\zyb\Documents\work\代码管理\Cmake\cmake-3.11.0-rc2-win64-x64\bin\cmake.exe -E copy_if_different C:/Users/zyb/Documents/work/output/4_libcef/2018-9-19编译/cef_binary_3.2623.1401.gb90a3be_windows32/Resources/cef.pak C:/Users/zyb/Documents/work/output/4_libcef/2018-9-19编译/cef_binary_3.2623.1401.gb90a3be_windows32/vs2013build/cefclient/Release/cef.pak
         if %errorlevel% neq 0 goto :cmEnd
         :cmEnd
         endlocal & call :cmErrorLevel %errorlevel% & goto :cmDone
         :cmErrorLevel
         exit /b %1
         :cmDone
         if %errorlevel% neq 0 goto :VCEnd
         setlocal
         C:\Users\zyb\Documents\work\代码管理\Cmake\cmake-3.11.0-rc2-win64-x64\bin\cmake.exe -E copy_if_different C:/Users/zyb/Documents/work/output/4_libcef/2018-9-19编译/cef_binary_3.2623.1401.gb90a3be_windows32/Resources/cef_100_percent.pak C:/Users/zyb/Documents/work/output/4_libcef/2018-9-19编译/cef_binary_3.2623.1401.gb90a3be_windows32/vs2013build/cefclient/Release/cef_100_percent.pak
         if %errorlevel% neq 0 goto :cmEnd
         :cmEnd
         endlocal & call :cmErrorLevel %errorlevel% & goto :cmDone
         :cmErrorLevel
         exit /b %1
         :cmDone
         if %errorlevel% neq 0 goto :VCEnd
         setlocal
         C:\Users\zyb\Documents\work\代码管理\Cmake\cmake-3.11.0-rc2-win64-x64\bin\cmake.exe -E copy_if_different C:/Users/zyb/Documents/work/output/4_libcef/2018-9-19编译/cef_binary_3.2623.1401.gb90a3be_windows32/Resources/cef_200_percent.pak C:/Users/zyb/Documents/work/output/4_libcef/2018-9-19编译/cef_binary_3.2623.1401.gb90a3be_windows32/vs2013build/cefclient/Release/cef_200_percent.pak
         if %errorlevel% neq 0 goto :cmEnd
         :cmEnd
         endlocal & call :cmErrorLevel %errorlevel% & goto :cmDone
         :cmErrorLevel
         exit /b %1
         :cmDone
         if %errorlevel% neq 0 goto :VCEnd
         setlocal
         C:\Users\zyb\Documents\work\代码管理\Cmake\cmake-3.11.0-rc2-win64-x64\bin\cmake.exe -E copy_if_different C:/Users/zyb/Documents/work/output/4_libcef/2018-9-19编译/cef_binary_3.2623.1401.gb90a3be_windows32/Resources/cef_extensions.pak C:/Users/zyb/Documents/work/output/4_libcef/2018-9-19编译/cef_binary_3.2623.1401.gb90a3be_windows32/vs2013build/cefclient/Release/cef_extensions.pak
         if %errorlevel% neq 0 goto :cmEnd
         :cmEnd
         endlocal & call :cmErrorLevel %errorlevel% & goto :cmDone
         :cmErrorLevel
         exit /b %1
         :cmDone
         if %errorlevel% neq 0 goto :VCEnd
         setlocal
         C:\Users\zyb\Documents\work\代码管理\Cmake\cmake-3.11.0-rc2-win64-x64\bin\cmake.exe -E copy_if_different C:/Users/zyb/Documents/work/output/4_libcef/2018-9-19编译/cef_binary_3.2623.1401.gb90a3be_windows32/Resources/devtools_resources.pak C:/Users/zyb/Documents/work/output/4_libcef/2018-9-19编译/cef_binary_3.2623.1401.gb90a3be_windows32/vs2013build/cefclient/Release/devtools_resources.pak
         if %errorlevel% neq 0 goto :cmEnd
         :cmEnd
         endlocal & call :cmErrorLevel %errorlevel% & goto :cmDone
         :cmErrorLevel
         exit /b %1
         :cmDone
         if %errorlevel% neq 0 goto :VCEnd
         setlocal
         C:\Users\zyb\Documents\work\代码管理\Cmake\cmake-3.11.0-rc2-win64-x64\bin\cmake.exe -E copy_if_different C:/Users/zyb/Documents/work/output/4_libcef/2018-9-19编译/cef_binary_3.2623.1401.gb90a3be_windows32/Resources/icudtl.dat C:/Users/zyb/Documents/work/output/4_libcef/2018-9-19编译/cef_binary_3.2623.1401.gb90a3be_windows32/vs2013build/cefclient/Release/icudtl.dat
         if %errorlevel% neq 0 goto :cmEnd
         :cmEnd
         endlocal & call :cmErrorLevel %errorlevel% & goto :cmDone
         :cmErrorLevel
         exit /b %1
         :cmDone
         if %errorlevel% neq 0 goto :VCEnd
         setlocal
         C:\Users\zyb\Documents\work\代码管理\Cmake\cmake-3.11.0-rc2-win64-x64\bin\cmake.exe -E copy_directory C:/Users/zyb/Documents/work/output/4_libcef/2018-9-19编译/cef_binary_3.2623.1401.gb90a3be_windows32/Resources/locales C:/Users/zyb/Documents/work/output/4_libcef/2018-9-19编译/cef_binary_3.2623.1401.gb90a3be_windows32/vs2013build/cefclient/Release/locales
         if %errorlevel% neq 0 goto :cmEnd
         :cmEnd
         endlocal & call :cmErrorLevel %errorlevel% & goto :cmDone
         :cmErrorLevel
         exit /b %1
         :cmDone
         if %errorlevel% neq 0 goto :VCEnd
         :VCEnd
     1>已完成生成项目“C:\Users\zyb\Documents\work\output\4_libcef\2018-9-19编译\cef_binary_3.2623.1401.gb90a3be_windows32\vs2013build\cefclient\cefclient.vcxproj”(Build 个目标)的操作。

生成成功。

已用时间 00:00:27.61
