生成启动时间为 2018/9/20 12:05:55。
     1>项目“C:\Users\zyb\Documents\work\output\4_libcef\2018-9-19编译\cef_binary_3.2623.1401.gb90a3be_windows32\vs2013build\cefsimple\cefsimple.vcxproj”在节点 2 上(Build 个目标)。
     1>Link:
         C:\Program Files (x86)\Microsoft Visual Studio 12.0\VC\bin\link.exe /ERRORREPORT:PROMPT /OUT:"C:\Users\zyb\Documents\work\output\4_libcef\2018-9-19编译\cef_binary_3.2623.1401.gb90a3be_windows32\vs2013build\cefsimple\Release\cefsimple.exe" /INCREMENTAL /NOLOGO ..\..\Release\libcef.lib ..\libcef_dll\Release\libcef_dll_wrapper.lib comctl32.lib rpcrt4.lib shlwapi.lib ws2_32.lib ..\..\Release\cef_sandbox.lib dbghelp.lib psapi.lib kernel32.lib user32.lib gdi32.lib winspool.lib shell32.lib ole32.lib oleaut32.lib uuid.lib comdlg32.lib advapi32.lib /MANIFEST:NO /PDB:"C:/Users/zyb/Documents/work/output/4_libcef/2018-9-19编译/cef_binary_3.2623.1401.gb90a3be_windows32/vs2013build/cefsimple/Release/cefsimple.pdb" /SUBSYSTEM:WINDOWS /TLBID:1 /DYNAMICBASE /NXCOMPAT /IMPLIB:"C:/Users/zyb/Documents/work/output/4_libcef/2018-9-19编译/cef_binary_3.2623.1401.gb90a3be_windows32/vs2013build/cefsimple/Release/cefsimple.lib" /MACHINE:X86 /SAFESEH cefsimple.dir\Release\cefsimple.res
         cefsimple.dir\Release\simple_app.obj
         cefsimple.dir\Release\simple_handler.obj
         cefsimple.dir\Release\cefsimple_win.obj
         cefsimple.dir\Release\simple_handler_win.obj
         cef_sandbox.lib(base.windows_version.obj) : 找到 MSIL .netmodule 或使用 /GL 编译的模块；正在使用 /LTCG 重新启动链接；将 /LTCG 添加到链接命令行以改进链接器性能
     1>LINK : warning LNK4075: 忽略“/INCREMENTAL”(由于“/LTCG”规范)
            正在创建库 C:/Users/zyb/Documents/work/output/4_libcef/2018-9-19编译/cef_binary_3.2623.1401.gb90a3be_windows32/vs2013build/cefsimple/Release/cefsimple.lib 和对象 C:/Users/zyb/Documents/work/output/4_libcef/2018-9-19编译/cef_binary_3.2623.1401.gb90a3be_windows32/vs2013build/cefsimple/Release/cefsimple.exp
         正在生成代码
         已完成代码的生成
         cefsimple.vcxproj -> C:\Users\zyb\Documents\work\output\4_libcef\2018-9-19编译\cef_binary_3.2623.1401.gb90a3be_windows32\vs2013build\cefsimple\Release\cefsimple.exe
       PostBuildEvent:
         setlocal
         mt.exe -nologo -manifest "C:/Users/zyb/Documents/work/output/4_libcef/2018-9-19编译/cef_binary_3.2623.1401.gb90a3be_windows32/cefsimple/cefsimple.exe.manifest" "C:/Users/zyb/Documents/work/output/4_libcef/2018-9-19编译/cef_binary_3.2623.1401.gb90a3be_windows32/cefsimple/compatibility.manifest" -outputresource:"C:/Users/zyb/Documents/work/output/4_libcef/2018-9-19编译/cef_binary_3.2623.1401.gb90a3be_windows32/vs2013build/cefsimple/Release/cefsimple.exe";#1
         if %errorlevel% neq 0 goto :cmEnd
         :cmEnd
         endlocal & call :cmErrorLevel %errorlevel% & goto :cmDone
         :cmErrorLevel
         exit /b %1
         :cmDone
         if %errorlevel% neq 0 goto :VCEnd
         setlocal
         C:\Users\zyb\Documents\work\代码管理\Cmake\cmake-3.11.0-rc2-win64-x64\bin\cmake.exe -E copy_if_different C:/Users/zyb/Documents/work/output/4_libcef/2018-9-19编译/cef_binary_3.2623.1401.gb90a3be_windows32/Release/d3dcompiler_43.dll C:/Users/zyb/Documents/work/output/4_libcef/2018-9-19编译/cef_binary_3.2623.1401.gb90a3be_windows32/vs2013build/cefsimple/Release/d3dcompiler_43.dll
         if %errorlevel% neq 0 goto :cmEnd
         :cmEnd
         endlocal & call :cmErrorLevel %errorlevel% & goto :cmDone
         :cmErrorLevel
         exit /b %1
         :cmDone
         if %errorlevel% neq 0 goto :VCEnd
         setlocal
         C:\Users\zyb\Documents\work\代码管理\Cmake\cmake-3.11.0-rc2-win64-x64\bin\cmake.exe -E copy_if_different C:/Users/zyb/Documents/work/output/4_libcef/2018-9-19编译/cef_binary_3.2623.1401.gb90a3be_windows32/Release/d3dcompiler_47.dll C:/Users/zyb/Documents/work/output/4_libcef/2018-9-19编译/cef_binary_3.2623.1401.gb90a3be_windows32/vs2013build/cefsimple/Release/d3dcompiler_47.dll
         if %errorlevel% neq 0 goto :cmEnd
         :cmEnd
         endlocal & call :cmErrorLevel %errorlevel% & goto :cmDone
         :cmErrorLevel
         exit /b %1
         :cmDone
         if %errorlevel% neq 0 goto :VCEnd
         setlocal
         C:\Users\zyb\Documents\work\代码管理\Cmake\cmake-3.11.0-rc2-win64-x64\bin\cmake.exe -E copy_if_different C:/Users/zyb/Documents/work/output/4_libcef/2018-9-19编译/cef_binary_3.2623.1401.gb90a3be_windows32/Release/libcef.dll C:/Users/zyb/Documents/work/output/4_libcef/2018-9-19编译/cef_binary_3.2623.1401.gb90a3be_windows32/vs2013build/cefsimple/Release/libcef.dll
         if %errorlevel% neq 0 goto :cmEnd
         :cmEnd
         endlocal & call :cmErrorLevel %errorlevel% & goto :cmDone
         :cmErrorLevel
         exit /b %1
         :cmDone
         if %errorlevel% neq 0 goto :VCEnd
         setlocal
         C:\Users\zyb\Documents\work\代码管理\Cmake\cmake-3.11.0-rc2-win64-x64\bin\cmake.exe -E copy_if_different C:/Users/zyb/Documents/work/output/4_libcef/2018-9-19编译/cef_binary_3.2623.1401.gb90a3be_windows32/Release/libEGL.dll C:/Users/zyb/Documents/work/output/4_libcef/2018-9-19编译/cef_binary_3.2623.1401.gb90a3be_windows32/vs2013build/cefsimple/Release/libEGL.dll
         if %errorlevel% neq 0 goto :cmEnd
         :cmEnd
         endlocal & call :cmErrorLevel %errorlevel% & goto :cmDone
         :cmErrorLevel
         exit /b %1
         :cmDone
         if %errorlevel% neq 0 goto :VCEnd
         setlocal
         C:\Users\zyb\Documents\work\代码管理\Cmake\cmake-3.11.0-rc2-win64-x64\bin\cmake.exe -E copy_if_different C:/Users/zyb/Documents/work/output/4_libcef/2018-9-19编译/cef_binary_3.2623.1401.gb90a3be_windows32/Release/libGLESv2.dll C:/Users/zyb/Documents/work/output/4_libcef/2018-9-19编译/cef_binary_3.2623.1401.gb90a3be_windows32/vs2013build/cefsimple/Release/libGLESv2.dll
         if %errorlevel% neq 0 goto :cmEnd
         :cmEnd
         endlocal & call :cmErrorLevel %errorlevel% & goto :cmDone
         :cmErrorLevel
         exit /b %1
         :cmDone
         if %errorlevel% neq 0 goto :VCEnd
         setlocal
         C:\Users\zyb\Documents\work\代码管理\Cmake\cmake-3.11.0-rc2-win64-x64\bin\cmake.exe -E copy_if_different C:/Users/zyb/Documents/work/output/4_libcef/2018-9-19编译/cef_binary_3.2623.1401.gb90a3be_windows32/Release/natives_blob.bin C:/Users/zyb/Documents/work/output/4_libcef/2018-9-19编译/cef_binary_3.2623.1401.gb90a3be_windows32/vs2013build/cefsimple/Release/natives_blob.bin
         if %errorlevel% neq 0 goto :cmEnd
         :cmEnd
         endlocal & call :cmErrorLevel %errorlevel% & goto :cmDone
         :cmErrorLevel
         exit /b %1
         :cmDone
         if %errorlevel% neq 0 goto :VCEnd
         setlocal
         C:\Users\zyb\Documents\work\代码管理\Cmake\cmake-3.11.0-rc2-win64-x64\bin\cmake.exe -E copy_if_different C:/Users/zyb/Documents/work/output/4_libcef/2018-9-19编译/cef_binary_3.2623.1401.gb90a3be_windows32/Release/snapshot_blob.bin C:/Users/zyb/Documents/work/output/4_libcef/2018-9-19编译/cef_binary_3.2623.1401.gb90a3be_windows32/vs2013build/cefsimple/Release/snapshot_blob.bin
         if %errorlevel% neq 0 goto :cmEnd
         :cmEnd
         endlocal & call :cmErrorLevel %errorlevel% & goto :cmDone
         :cmErrorLevel
         exit /b %1
         :cmDone
         if %errorlevel% neq 0 goto :VCEnd
         setlocal
         C:\Users\zyb\Documents\work\代码管理\Cmake\cmake-3.11.0-rc2-win64-x64\bin\cmake.exe -E copy_if_different C:/Users/zyb/Documents/work/output/4_libcef/2018-9-19编译/cef_binary_3.2623.1401.gb90a3be_windows32/Release/wow_helper.exe C:/Users/zyb/Documents/work/output/4_libcef/2018-9-19编译/cef_binary_3.2623.1401.gb90a3be_windows32/vs2013build/cefsimple/Release/wow_helper.exe
         if %errorlevel% neq 0 goto :cmEnd
         :cmEnd
         endlocal & call :cmErrorLevel %errorlevel% & goto :cmDone
         :cmErrorLevel
         exit /b %1
         :cmDone
         if %errorlevel% neq 0 goto :VCEnd
         setlocal
         C:\Users\zyb\Documents\work\代码管理\Cmake\cmake-3.11.0-rc2-win64-x64\bin\cmake.exe -E copy_if_different C:/Users/zyb/Documents/work/output/4_libcef/2018-9-19编译/cef_binary_3.2623.1401.gb90a3be_windows32/Resources/cef.pak C:/Users/zyb/Documents/work/output/4_libcef/2018-9-19编译/cef_binary_3.2623.1401.gb90a3be_windows32/vs2013build/cefsimple/Release/cef.pak
         if %errorlevel% neq 0 goto :cmEnd
         :cmEnd
         endlocal & call :cmErrorLevel %errorlevel% & goto :cmDone
         :cmErrorLevel
         exit /b %1
         :cmDone
         if %errorlevel% neq 0 goto :VCEnd
         setlocal
         C:\Users\zyb\Documents\work\代码管理\Cmake\cmake-3.11.0-rc2-win64-x64\bin\cmake.exe -E copy_if_different C:/Users/zyb/Documents/work/output/4_libcef/2018-9-19编译/cef_binary_3.2623.1401.gb90a3be_windows32/Resources/cef_100_percent.pak C:/Users/zyb/Documents/work/output/4_libcef/2018-9-19编译/cef_binary_3.2623.1401.gb90a3be_windows32/vs2013build/cefsimple/Release/cef_100_percent.pak
         if %errorlevel% neq 0 goto :cmEnd
         :cmEnd
         endlocal & call :cmErrorLevel %errorlevel% & goto :cmDone
         :cmErrorLevel
         exit /b %1
         :cmDone
         if %errorlevel% neq 0 goto :VCEnd
         setlocal
         C:\Users\zyb\Documents\work\代码管理\Cmake\cmake-3.11.0-rc2-win64-x64\bin\cmake.exe -E copy_if_different C:/Users/zyb/Documents/work/output/4_libcef/2018-9-19编译/cef_binary_3.2623.1401.gb90a3be_windows32/Resources/cef_200_percent.pak C:/Users/zyb/Documents/work/output/4_libcef/2018-9-19编译/cef_binary_3.2623.1401.gb90a3be_windows32/vs2013build/cefsimple/Release/cef_200_percent.pak
         if %errorlevel% neq 0 goto :cmEnd
         :cmEnd
         endlocal & call :cmErrorLevel %errorlevel% & goto :cmDone
         :cmErrorLevel
         exit /b %1
         :cmDone
         if %errorlevel% neq 0 goto :VCEnd
         setlocal
         C:\Users\zyb\Documents\work\代码管理\Cmake\cmake-3.11.0-rc2-win64-x64\bin\cmake.exe -E copy_if_different C:/Users/zyb/Documents/work/output/4_libcef/2018-9-19编译/cef_binary_3.2623.1401.gb90a3be_windows32/Resources/cef_extensions.pak C:/Users/zyb/Documents/work/output/4_libcef/2018-9-19编译/cef_binary_3.2623.1401.gb90a3be_windows32/vs2013build/cefsimple/Release/cef_extensions.pak
         if %errorlevel% neq 0 goto :cmEnd
         :cmEnd
         endlocal & call :cmErrorLevel %errorlevel% & goto :cmDone
         :cmErrorLevel
         exit /b %1
         :cmDone
         if %errorlevel% neq 0 goto :VCEnd
         setlocal
         C:\Users\zyb\Documents\work\代码管理\Cmake\cmake-3.11.0-rc2-win64-x64\bin\cmake.exe -E copy_if_different C:/Users/zyb/Documents/work/output/4_libcef/2018-9-19编译/cef_binary_3.2623.1401.gb90a3be_windows32/Resources/devtools_resources.pak C:/Users/zyb/Documents/work/output/4_libcef/2018-9-19编译/cef_binary_3.2623.1401.gb90a3be_windows32/vs2013build/cefsimple/Release/devtools_resources.pak
         if %errorlevel% neq 0 goto :cmEnd
         :cmEnd
         endlocal & call :cmErrorLevel %errorlevel% & goto :cmDone
         :cmErrorLevel
         exit /b %1
         :cmDone
         if %errorlevel% neq 0 goto :VCEnd
         setlocal
         C:\Users\zyb\Documents\work\代码管理\Cmake\cmake-3.11.0-rc2-win64-x64\bin\cmake.exe -E copy_if_different C:/Users/zyb/Documents/work/output/4_libcef/2018-9-19编译/cef_binary_3.2623.1401.gb90a3be_windows32/Resources/icudtl.dat C:/Users/zyb/Documents/work/output/4_libcef/2018-9-19编译/cef_binary_3.2623.1401.gb90a3be_windows32/vs2013build/cefsimple/Release/icudtl.dat
         if %errorlevel% neq 0 goto :cmEnd
         :cmEnd
         endlocal & call :cmErrorLevel %errorlevel% & goto :cmDone
         :cmErrorLevel
         exit /b %1
         :cmDone
         if %errorlevel% neq 0 goto :VCEnd
         setlocal
         C:\Users\zyb\Documents\work\代码管理\Cmake\cmake-3.11.0-rc2-win64-x64\bin\cmake.exe -E copy_directory C:/Users/zyb/Documents/work/output/4_libcef/2018-9-19编译/cef_binary_3.2623.1401.gb90a3be_windows32/Resources/locales C:/Users/zyb/Documents/work/output/4_libcef/2018-9-19编译/cef_binary_3.2623.1401.gb90a3be_windows32/vs2013build/cefsimple/Release/locales
         if %errorlevel% neq 0 goto :cmEnd
         :cmEnd
         endlocal & call :cmErrorLevel %errorlevel% & goto :cmDone
         :cmErrorLevel
         exit /b %1
         :cmDone
         if %errorlevel% neq 0 goto :VCEnd
         :VCEnd
     1>已完成生成项目“C:\Users\zyb\Documents\work\output\4_libcef\2018-9-19编译\cef_binary_3.2623.1401.gb90a3be_windows32\vs2013build\cefsimple\cefsimple.vcxproj”(Build 个目标)的操作。

生成成功。

已用时间 00:00:09.81
