c:\users\zyb\documents\work\output\4_libcef\2018-9-19编译\cef_binary_3.2623.1401.gb90a3be_windows32\vs2013build\cefsimple\cefsimple.dir\release\vc120.pdb
c:\users\zyb\documents\work\output\4_libcef\2018-9-19编译\cef_binary_3.2623.1401.gb90a3be_windows32\vs2013build\cefsimple\cmakefiles\generate.stamp
c:\users\zyb\documents\work\output\4_libcef\2018-9-19编译\cef_binary_3.2623.1401.gb90a3be_windows32\vs2013build\cefsimple\cefsimple.dir\release\cefsimple.res
c:\users\zyb\documents\work\output\4_libcef\2018-9-19编译\cef_binary_3.2623.1401.gb90a3be_windows32\vs2013build\cefsimple\cefsimple.dir\release\cefsimple.vcxprojresolveassemblyreference.cache
c:\users\zyb\documents\work\output\4_libcef\2018-9-19编译\cef_binary_3.2623.1401.gb90a3be_windows32\vs2013build\cefsimple\cefsimple.dir\release\cefsimple_win.obj
c:\users\zyb\documents\work\output\4_libcef\2018-9-19编译\cef_binary_3.2623.1401.gb90a3be_windows32\vs2013build\cefsimple\cefsimple.dir\release\simple_app.obj
c:\users\zyb\documents\work\output\4_libcef\2018-9-19编译\cef_binary_3.2623.1401.gb90a3be_windows32\vs2013build\cefsimple\cefsimple.dir\release\simple_handler.obj
c:\users\zyb\documents\work\output\4_libcef\2018-9-19编译\cef_binary_3.2623.1401.gb90a3be_windows32\vs2013build\cefsimple\cefsimple.dir\release\simple_handler_win.obj
c:\users\zyb\documents\work\output\4_libcef\2018-9-19编译\cef_binary_3.2623.1401.gb90a3be_windows32\vs2013build\cefsimple\cefsimple.dir\release\cefsimple.tlog\cl.command.1.tlog
c:\users\zyb\documents\work\output\4_libcef\2018-9-19编译\cef_binary_3.2623.1401.gb90a3be_windows32\vs2013build\cefsimple\cefsimple.dir\release\cefsimple.tlog\cl.read.1.tlog
c:\users\zyb\documents\work\output\4_libcef\2018-9-19编译\cef_binary_3.2623.1401.gb90a3be_windows32\vs2013build\cefsimple\cefsimple.dir\release\cefsimple.tlog\cl.write.1.tlog
c:\users\zyb\documents\work\output\4_libcef\2018-9-19编译\cef_binary_3.2623.1401.gb90a3be_windows32\vs2013build\cefsimple\cefsimple.dir\release\cefsimple.tlog\custombuild.command.1.tlog
c:\users\zyb\documents\work\output\4_libcef\2018-9-19编译\cef_binary_3.2623.1401.gb90a3be_windows32\vs2013build\cefsimple\cefsimple.dir\release\cefsimple.tlog\custombuild.read.1.tlog
c:\users\zyb\documents\work\output\4_libcef\2018-9-19编译\cef_binary_3.2623.1401.gb90a3be_windows32\vs2013build\cefsimple\cefsimple.dir\release\cefsimple.tlog\custombuild.write.1.tlog
c:\users\zyb\documents\work\output\4_libcef\2018-9-19编译\cef_binary_3.2623.1401.gb90a3be_windows32\vs2013build\cefsimple\cefsimple.dir\release\cefsimple.tlog\link.10036.read.1.tlog
c:\users\zyb\documents\work\output\4_libcef\2018-9-19编译\cef_binary_3.2623.1401.gb90a3be_windows32\vs2013build\cefsimple\cefsimple.dir\release\cefsimple.tlog\link.10036.write.1.tlog
c:\users\zyb\documents\work\output\4_libcef\2018-9-19编译\cef_binary_3.2623.1401.gb90a3be_windows32\vs2013build\cefsimple\cefsimple.dir\release\cefsimple.tlog\link.8252.read.1.tlog
c:\users\zyb\documents\work\output\4_libcef\2018-9-19编译\cef_binary_3.2623.1401.gb90a3be_windows32\vs2013build\cefsimple\cefsimple.dir\release\cefsimple.tlog\link.8252.write.1.tlog
c:\users\zyb\documents\work\output\4_libcef\2018-9-19编译\cef_binary_3.2623.1401.gb90a3be_windows32\vs2013build\cefsimple\cefsimple.dir\release\cefsimple.tlog\link.command.1.tlog
c:\users\zyb\documents\work\output\4_libcef\2018-9-19编译\cef_binary_3.2623.1401.gb90a3be_windows32\vs2013build\cefsimple\cefsimple.dir\release\cefsimple.tlog\link.read.1.tlog
c:\users\zyb\documents\work\output\4_libcef\2018-9-19编译\cef_binary_3.2623.1401.gb90a3be_windows32\vs2013build\cefsimple\cefsimple.dir\release\cefsimple.tlog\link.write.1.tlog
c:\users\zyb\documents\work\output\4_libcef\2018-9-19编译\cef_binary_3.2623.1401.gb90a3be_windows32\vs2013build\cefsimple\cefsimple.dir\release\cefsimple.tlog\rc.command.1.tlog
c:\users\zyb\documents\work\output\4_libcef\2018-9-19编译\cef_binary_3.2623.1401.gb90a3be_windows32\vs2013build\cefsimple\cefsimple.dir\release\cefsimple.tlog\rc.read.1.tlog
c:\users\zyb\documents\work\output\4_libcef\2018-9-19编译\cef_binary_3.2623.1401.gb90a3be_windows32\vs2013build\cefsimple\cefsimple.dir\release\cefsimple.tlog\rc.write.1.tlog
